[ 2013-10-08T00:49:41+08:00 ] 127.0.0.1 /backbone/wxyoo1-todos/
INFO: [ app_begin ] --START--
INFO: ReadHtmlCache Behavior ::run [ RunTime:0.413948s ]
INFO: [ app_begin ] --END-- [ RunTime:0.414090s ]
INFO: [ view_parse ] --START--
INFO: ParseTemplate Behavior ::run [ RunTime:0.261365s ]
INFO: [ view_parse ] --END-- [ RunTime:0.261533s ]
INFO: [ view_filter ] --START--
INFO: ContentReplace Behavior ::run [ RunTime:0.017612s ]
INFO: TokenBuild Behavior ::run [ RunTime:0.094142s ]
INFO: WriteHtmlCache Behavior ::run [ RunTime:0.067000s ]
INFO: ShowRuntime Behavior ::run [ RunTime:0.053344s ]
INFO: [ view_filter ] --END-- [ RunTime:0.232461s ]
INFO: [ view_end ] --START--
INFO: ShowPageTrace Behavior ::run [ RunTime:0.055543s ]
INFO: [ view_end ] --END-- [ RunTime:0.055637s ]

[ 2013-10-08T00:49:42+08:00 ] 127.0.0.1 /backbone/wxyoo1-todos/index.php?s=Index/save
INFO: [ route_check ] --START--
INFO: CheckRoute Behavior ::run [ RunTime:0.108861s ]
INFO: [ route_check ] --END-- [ RunTime:0.109040s ]
INFO: [ app_begin ] --START--
INFO: ReadHtmlCache Behavior ::run [ RunTime:0.000922s ]
INFO: [ app_begin ] --END-- [ RunTime:0.001009s ]
SQL: SHOW COLUMNS FROM `todos` [ RunTime:0.078394s ]

[ 2013-10-08T00:51:43+08:00 ] 127.0.0.1 /backbone/wxyoo1-todos/index.php?s=Index/save
INFO: [ route_check ] --START--
INFO: CheckRoute Behavior ::run [ RunTime:0.001505s ]
INFO: [ route_check ] --END-- [ RunTime:0.001599s ]
INFO: [ app_begin ] --START--
INFO: ReadHtmlCache Behavior ::run [ RunTime:0.001426s ]
INFO: [ app_begin ] --END-- [ RunTime:0.001525s ]
SQL: SHOW COLUMNS FROM `todos` [ RunTime:0.003111s ]
SQL: INSERT INTO `todos` (`content`,`done`,`order`) VALUES ('23456563',0,1) [ RunTime:0.085387s ]

[ 2013-10-08T00:51:48+08:00 ] 127.0.0.1 /backbone/wxyoo1-todos/index.php?s=Index/save
INFO: [ route_check ] --START--
INFO: CheckRoute Behavior ::run [ RunTime:0.000909s ]
INFO: [ route_check ] --END-- [ RunTime:0.000992s ]
INFO: [ app_begin ] --START--
INFO: ReadHtmlCache Behavior ::run [ RunTime:0.000599s ]
INFO: [ app_begin ] --END-- [ RunTime:0.000652s ]
SQL: SHOW COLUMNS FROM `todos` [ RunTime:0.002987s ]
SQL: INSERT INTO `todos` (`content`,`done`,`order`) VALUES ('233232',0,1) [ RunTime:0.067350s ]

[ 2013-10-08T00:54:45+08:00 ] 127.0.0.1 /backbone/wxyoo1-todos/
INFO: [ app_begin ] --START--
INFO: ReadHtmlCache Behavior ::run [ RunTime:0.001798s ]
INFO: [ app_begin ] --END-- [ RunTime:0.001948s ]
INFO: [ view_parse ] --START--
INFO: ParseTemplate Behavior ::run [ RunTime:0.016821s ]
INFO: [ view_parse ] --END-- [ RunTime:0.016974s ]
INFO: [ view_filter ] --START--
INFO: ContentReplace Behavior ::run [ RunTime:0.002300s ]
INFO: TokenBuild Behavior ::run [ RunTime:0.002247s ]
INFO: WriteHtmlCache Behavior ::run [ RunTime:0.002517s ]
INFO: ShowRuntime Behavior ::run [ RunTime:0.002701s ]
INFO: [ view_filter ] --END-- [ RunTime:0.010118s ]
INFO: [ view_end ] --START--
INFO: ShowPageTrace Behavior ::run [ RunTime:0.001963s ]
INFO: [ view_end ] --END-- [ RunTime:0.002084s ]

[ 2013-10-08T00:54:45+08:00 ] 127.0.0.1 /backbone/wxyoo1-todos/index.php?s=Index/save
INFO: [ route_check ] --START--
INFO: CheckRoute Behavior ::run [ RunTime:0.002456s ]
INFO: [ route_check ] --END-- [ RunTime:0.002639s ]
INFO: [ app_begin ] --START--
INFO: ReadHtmlCache Behavior ::run [ RunTime:0.001024s ]
INFO: [ app_begin ] --END-- [ RunTime:0.001137s ]
SQL: SHOW COLUMNS FROM `todos` [ RunTime:0.005269s ]

[ 2013-10-08T00:54:49+08:00 ] 127.0.0.1 /backbone/wxyoo1-todos/index.php?s=Index/save
INFO: [ route_check ] --START--
INFO: CheckRoute Behavior ::run [ RunTime:0.000901s ]
INFO: [ route_check ] --END-- [ RunTime:0.000987s ]
INFO: [ app_begin ] --START--
INFO: ReadHtmlCache Behavior ::run [ RunTime:0.000711s ]
INFO: [ app_begin ] --END-- [ RunTime:0.000784s ]
SQL: SHOW COLUMNS FROM `todos` [ RunTime:0.003943s ]
SQL: INSERT INTO `todos` (`content`,`done`,`order`) VALUES ('123',0,1) [ RunTime:0.048118s ]

[ 2013-10-08T00:57:30+08:00 ] 127.0.0.1 /backbone/wxyoo1-todos/
INFO: [ app_begin ] --START--
INFO: ReadHtmlCache Behavior ::run [ RunTime:0.002050s ]
INFO: [ app_begin ] --END-- [ RunTime:0.002203s ]
INFO: [ view_parse ] --START--
INFO: ParseTemplate Behavior ::run [ RunTime:0.012754s ]
INFO: [ view_parse ] --END-- [ RunTime:0.012886s ]
INFO: [ view_filter ] --START--
INFO: ContentReplace Behavior ::run [ RunTime:0.001346s ]
INFO: TokenBuild Behavior ::run [ RunTime:0.001126s ]
INFO: WriteHtmlCache Behavior ::run [ RunTime:0.001076s ]
INFO: ShowRuntime Behavior ::run [ RunTime:0.001264s ]
INFO: [ view_filter ] --END-- [ RunTime:0.005044s ]
INFO: [ view_end ] --START--
INFO: ShowPageTrace Behavior ::run [ RunTime:0.001376s ]
INFO: [ view_end ] --END-- [ RunTime:0.001437s ]

[ 2013-10-08T00:57:31+08:00 ] 127.0.0.1 /backbone/wxyoo1-todos/index.php?s=Index/save
INFO: [ route_check ] --START--
INFO: CheckRoute Behavior ::run [ RunTime:0.004322s ]
INFO: [ route_check ] --END-- [ RunTime:0.004516s ]
INFO: [ app_begin ] --START--
INFO: ReadHtmlCache Behavior ::run [ RunTime:0.000992s ]
INFO: [ app_begin ] --END-- [ RunTime:0.001092s ]
SQL: SHOW COLUMNS FROM `todos` [ RunTime:0.004924s ]

[ 2013-10-08T01:04:10+08:00 ] 127.0.0.1 /backbone/wxyoo1-todos/
INFO: [ app_begin ] --START--
INFO: ReadHtmlCache Behavior ::run [ RunTime:0.002431s ]
INFO: [ app_begin ] --END-- [ RunTime:0.002570s ]
NOTIC: [2048] Declaration of IndexAction::fetch() should be compatible with that of Action::fetch() F:\WWW\backbone\wxyoo1-todos\Todo\Lib\Action\IndexAction.class.php 第 20 行.
INFO: [ view_parse ] --START--
INFO: ParseTemplate Behavior ::run [ RunTime:0.016729s ]
INFO: [ view_parse ] --END-- [ RunTime:0.016872s ]
INFO: [ view_filter ] --START--
INFO: ContentReplace Behavior ::run [ RunTime:0.002418s ]
INFO: TokenBuild Behavior ::run [ RunTime:0.002258s ]
INFO: WriteHtmlCache Behavior ::run [ RunTime:0.004050s ]
INFO: ShowRuntime Behavior ::run [ RunTime:0.002541s ]
INFO: [ view_filter ] --END-- [ RunTime:0.011648s ]
INFO: [ view_end ] --START--
INFO: ShowPageTrace Behavior ::run [ RunTime:0.001327s ]
INFO: [ view_end ] --END-- [ RunTime:0.001405s ]

[ 2013-10-08T01:04:11+08:00 ] 127.0.0.1 /backbone/wxyoo1-todos/index.php?s=Index/fetch
INFO: [ route_check ] --START--
INFO: CheckRoute Behavior ::run [ RunTime:0.002454s ]
INFO: [ route_check ] --END-- [ RunTime:0.002636s ]
INFO: [ app_begin ] --START--
INFO: ReadHtmlCache Behavior ::run [ RunTime:0.002033s ]
INFO: [ app_begin ] --END-- [ RunTime:0.002194s ]
NOTIC: [2048] Declaration of IndexAction::fetch() should be compatible with that of Action::fetch() F:\WWW\backbone\wxyoo1-todos\Todo\Lib\Action\IndexAction.class.php 第 20 行.
SQL: SHOW COLUMNS FROM `todos` [ RunTime:0.004915s ]
SQL: SELECT * FROM `todos` ORDER BY order desc LIMIT 10   [ RunTime:0.000855s ]
ERR: 1064:You have an error in your SQL syntax; check the manual that corresponds to your MySQL server version for the right syntax to use near 'order desc LIMIT 10' at line 1
 [ SQL语句 ] : SELECT * FROM `todos` ORDER BY order desc LIMIT 10  

[ 2013-10-08T01:04:19+08:00 ] 127.0.0.1 /backbone/wxyoo1-todos/index.php?s=Index/save
INFO: [ route_check ] --START--
INFO: CheckRoute Behavior ::run [ RunTime:0.000899s ]
INFO: [ route_check ] --END-- [ RunTime:0.000984s ]
INFO: [ app_begin ] --START--
INFO: ReadHtmlCache Behavior ::run [ RunTime:0.000628s ]
INFO: [ app_begin ] --END-- [ RunTime:0.000680s ]
NOTIC: [2048] Declaration of IndexAction::fetch() should be compatible with that of Action::fetch() F:\WWW\backbone\wxyoo1-todos\Todo\Lib\Action\IndexAction.class.php 第 20 行.
SQL: SHOW COLUMNS FROM `todos` [ RunTime:0.003089s ]
SQL: INSERT INTO `todos` (`content`,`done`,`order`) VALUES ('123',0,1) [ RunTime:0.066414s ]

[ 2013-10-08T01:04:32+08:00 ] 127.0.0.1 /backbone/wxyoo1-todos/
INFO: [ app_begin ] --START--
INFO: ReadHtmlCache Behavior ::run [ RunTime:0.000622s ]
INFO: [ app_begin ] --END-- [ RunTime:0.000705s ]
NOTIC: [2048] Declaration of IndexAction::fetch() should be compatible with that of Action::fetch() F:\WWW\backbone\wxyoo1-todos\Todo\Lib\Action\IndexAction.class.php 第 20 行.
INFO: [ view_parse ] --START--
INFO: ParseTemplate Behavior ::run [ RunTime:0.014886s ]
INFO: [ view_parse ] --END-- [ RunTime:0.015038s ]
INFO: [ view_filter ] --START--
INFO: ContentReplace Behavior ::run [ RunTime:0.001329s ]
INFO: TokenBuild Behavior ::run [ RunTime:0.001007s ]
INFO: WriteHtmlCache Behavior ::run [ RunTime:0.000906s ]
INFO: ShowRuntime Behavior ::run [ RunTime:0.001128s ]
INFO: [ view_filter ] --END-- [ RunTime:0.004574s ]
INFO: [ view_end ] --START--
INFO: ShowPageTrace Behavior ::run [ RunTime:0.001826s ]
INFO: [ view_end ] --END-- [ RunTime:0.001897s ]

[ 2013-10-08T01:04:32+08:00 ] 127.0.0.1 /backbone/wxyoo1-todos/index.php?s=Index/fetch
INFO: [ route_check ] --START--
INFO: CheckRoute Behavior ::run [ RunTime:0.002262s ]
INFO: [ route_check ] --END-- [ RunTime:0.002409s ]
INFO: [ app_begin ] --START--
INFO: ReadHtmlCache Behavior ::run [ RunTime:0.001828s ]
INFO: [ app_begin ] --END-- [ RunTime:0.001942s ]
NOTIC: [2048] Declaration of IndexAction::fetch() should be compatible with that of Action::fetch() F:\WWW\backbone\wxyoo1-todos\Todo\Lib\Action\IndexAction.class.php 第 20 行.
SQL: SHOW COLUMNS FROM `todos` [ RunTime:0.004380s ]
SQL: SELECT * FROM `todos` ORDER BY order desc LIMIT 10   [ RunTime:0.000851s ]
ERR: 1064:You have an error in your SQL syntax; check the manual that corresponds to your MySQL server version for the right syntax to use near 'order desc LIMIT 10' at line 1
 [ SQL语句 ] : SELECT * FROM `todos` ORDER BY order desc LIMIT 10  

[ 2013-10-08T01:04:32+08:00 ] 127.0.0.1 /backbone/wxyoo1-todos/
INFO: [ app_begin ] --START--
INFO: ReadHtmlCache Behavior ::run [ RunTime:0.001088s ]
INFO: [ app_begin ] --END-- [ RunTime:0.001252s ]
NOTIC: [2048] Declaration of IndexAction::fetch() should be compatible with that of Action::fetch() F:\WWW\backbone\wxyoo1-todos\Todo\Lib\Action\IndexAction.class.php 第 20 行.
INFO: [ view_parse ] --START--
INFO: ParseTemplate Behavior ::run [ RunTime:0.029924s ]
INFO: [ view_parse ] --END-- [ RunTime:0.030096s ]
INFO: [ view_filter ] --START--
INFO: ContentReplace Behavior ::run [ RunTime:0.001634s ]
INFO: TokenBuild Behavior ::run [ RunTime:0.001553s ]
INFO: WriteHtmlCache Behavior ::run [ RunTime:0.007338s ]
INFO: ShowRuntime Behavior ::run [ RunTime:0.002047s ]
INFO: [ view_filter ] --END-- [ RunTime:0.012954s ]
INFO: [ view_end ] --START--
INFO: ShowPageTrace Behavior ::run [ RunTime:0.002052s ]
INFO: [ view_end ] --END-- [ RunTime:0.002166s ]

[ 2013-10-08T01:04:32+08:00 ] 127.0.0.1 /backbone/wxyoo1-todos/
INFO: [ app_begin ] --START--
INFO: ReadHtmlCache Behavior ::run [ RunTime:0.001836s ]
INFO: [ app_begin ] --END-- [ RunTime:0.001990s ]
NOTIC: [2048] Declaration of IndexAction::fetch() should be compatible with that of Action::fetch() F:\WWW\backbone\wxyoo1-todos\Todo\Lib\Action\IndexAction.class.php 第 20 行.
INFO: [ view_parse ] --START--
INFO: ParseTemplate Behavior ::run [ RunTime:0.016890s ]
INFO: [ view_parse ] --END-- [ RunTime:0.017038s ]
INFO: [ view_filter ] --START--
INFO: ContentReplace Behavior ::run [ RunTime:0.001779s ]
INFO: TokenBuild Behavior ::run [ RunTime:0.001863s ]
INFO: WriteHtmlCache Behavior ::run [ RunTime:0.001414s ]
INFO: ShowRuntime Behavior ::run [ RunTime:0.001773s ]
INFO: [ view_filter ] --END-- [ RunTime:0.007179s ]
INFO: [ view_end ] --START--
INFO: ShowPageTrace Behavior ::run [ RunTime:0.002320s ]
INFO: [ view_end ] --END-- [ RunTime:0.002464s ]

[ 2013-10-08T01:04:32+08:00 ] 127.0.0.1 /backbone/wxyoo1-todos/index.php?s=Index/fetch
INFO: [ route_check ] --START--
INFO: CheckRoute Behavior ::run [ RunTime:0.001581s ]
INFO: [ route_check ] --END-- [ RunTime:0.001683s ]
INFO: [ app_begin ] --START--
INFO: ReadHtmlCache Behavior ::run [ RunTime:0.001505s ]
INFO: [ app_begin ] --END-- [ RunTime:0.001593s ]
NOTIC: [2048] Declaration of IndexAction::fetch() should be compatible with that of Action::fetch() F:\WWW\backbone\wxyoo1-todos\Todo\Lib\Action\IndexAction.class.php 第 20 行.
SQL: SHOW COLUMNS FROM `todos` [ RunTime:0.004139s ]
SQL: SELECT * FROM `todos` ORDER BY order desc LIMIT 10   [ RunTime:0.001160s ]
ERR: 1064:You have an error in your SQL syntax; check the manual that corresponds to your MySQL server version for the right syntax to use near 'order desc LIMIT 10' at line 1
 [ SQL语句 ] : SELECT * FROM `todos` ORDER BY order desc LIMIT 10  

[ 2013-10-08T01:05:10+08:00 ] 127.0.0.1 /backbone/wxyoo1-todos/
INFO: [ app_begin ] --START--
INFO: ReadHtmlCache Behavior ::run [ RunTime:0.000984s ]
INFO: [ app_begin ] --END-- [ RunTime:0.001126s ]
NOTIC: [2048] Declaration of IndexAction::fetch() should be compatible with that of Action::fetch() F:\WWW\backbone\wxyoo1-todos\Todo\Lib\Action\IndexAction.class.php 第 21 行.
INFO: [ view_parse ] --START--
INFO: ParseTemplate Behavior ::run [ RunTime:0.020932s ]
INFO: [ view_parse ] --END-- [ RunTime:0.021102s ]
INFO: [ view_filter ] --START--
INFO: ContentReplace Behavior ::run [ RunTime:0.002326s ]
INFO: TokenBuild Behavior ::run [ RunTime:0.002368s ]
INFO: WriteHtmlCache Behavior ::run [ RunTime:0.002100s ]
INFO: ShowRuntime Behavior ::run [ RunTime:0.002416s ]
INFO: [ view_filter ] --END-- [ RunTime:0.009491s ]
INFO: [ view_end ] --START--
INFO: ShowPageTrace Behavior ::run [ RunTime:0.001893s ]
INFO: [ view_end ] --END-- [ RunTime:0.001989s ]

[ 2013-10-08T01:05:11+08:00 ] 127.0.0.1 /backbone/wxyoo1-todos/index.php?s=Index/fetch
INFO: [ route_check ] --START--
INFO: CheckRoute Behavior ::run [ RunTime:0.002505s ]
INFO: [ route_check ] --END-- [ RunTime:0.002663s ]
INFO: [ app_begin ] --START--
INFO: ReadHtmlCache Behavior ::run [ RunTime:0.000993s ]
INFO: [ app_begin ] --END-- [ RunTime:0.001097s ]
NOTIC: [2048] Declaration of IndexAction::fetch() should be compatible with that of Action::fetch() F:\WWW\backbone\wxyoo1-todos\Todo\Lib\Action\IndexAction.class.php 第 21 行.
SQL: SHOW COLUMNS FROM `todos` [ RunTime:0.004261s ]
SQL: SELECT * FROM `todos` ORDER BY order desc LIMIT 10   [ RunTime:0.001379s ]
ERR: 1064:You have an error in your SQL syntax; check the manual that corresponds to your MySQL server version for the right syntax to use near 'order desc LIMIT 10' at line 1
 [ SQL语句 ] : SELECT * FROM `todos` ORDER BY order desc LIMIT 10  

[ 2013-10-08T01:06:04+08:00 ] 127.0.0.1 /backbone/wxyoo1-todos/
INFO: [ app_begin ] --START--
INFO: ReadHtmlCache Behavior ::run [ RunTime:0.001429s ]
INFO: [ app_begin ] --END-- [ RunTime:0.001523s ]
NOTIC: [2048] Declaration of IndexAction::fetch() should be compatible with that of Action::fetch() F:\WWW\backbone\wxyoo1-todos\Todo\Lib\Action\IndexAction.class.php 第 21 行.
INFO: [ view_parse ] --START--
INFO: ParseTemplate Behavior ::run [ RunTime:0.008932s ]
INFO: [ view_parse ] --END-- [ RunTime:0.009058s ]
INFO: [ view_filter ] --START--
INFO: ContentReplace Behavior ::run [ RunTime:0.000674s ]
INFO: TokenBuild Behavior ::run [ RunTime:0.000667s ]
INFO: WriteHtmlCache Behavior ::run [ RunTime:0.000466s ]
INFO: ShowRuntime Behavior ::run [ RunTime:0.000746s ]
INFO: [ view_filter ] --END-- [ RunTime:0.002815s ]
INFO: [ view_end ] --START--
INFO: ShowPageTrace Behavior ::run [ RunTime:0.000945s ]
INFO: [ view_end ] --END-- [ RunTime:0.001035s ]

[ 2013-10-08T01:06:05+08:00 ] 127.0.0.1 /backbone/wxyoo1-todos/index.php?s=Index/fetch
INFO: [ route_check ] --START--
INFO: CheckRoute Behavior ::run [ RunTime:0.000996s ]
INFO: [ route_check ] --END-- [ RunTime:0.001094s ]
INFO: [ app_begin ] --START--
INFO: ReadHtmlCache Behavior ::run [ RunTime:0.000647s ]
INFO: [ app_begin ] --END-- [ RunTime:0.000704s ]
NOTIC: [2048] Declaration of IndexAction::fetch() should be compatible with that of Action::fetch() F:\WWW\backbone\wxyoo1-todos\Todo\Lib\Action\IndexAction.class.php 第 21 行.
SQL: SHOW COLUMNS FROM `todos` [ RunTime:0.004255s ]
SQL: SELECT * FROM `todos` LIMIT 10   [ RunTime:0.001231s ]

[ 2013-10-08T01:06:25+08:00 ] 127.0.0.1 /backbone/wxyoo1-todos/
INFO: [ app_begin ] --START--
INFO: ReadHtmlCache Behavior ::run [ RunTime:0.000617s ]
INFO: [ app_begin ] --END-- [ RunTime:0.000699s ]
NOTIC: [2048] Declaration of IndexAction::fetch() should be compatible with that of Action::fetch() F:\WWW\backbone\wxyoo1-todos\Todo\Lib\Action\IndexAction.class.php 第 21 行.
INFO: [ view_parse ] --START--
INFO: ParseTemplate Behavior ::run [ RunTime:0.015591s ]
INFO: [ view_parse ] --END-- [ RunTime:0.015694s ]
INFO: [ view_filter ] --START--
INFO: ContentReplace Behavior ::run [ RunTime:0.001664s ]
INFO: TokenBuild Behavior ::run [ RunTime:0.001742s ]
INFO: WriteHtmlCache Behavior ::run [ RunTime:0.001490s ]
INFO: ShowRuntime Behavior ::run [ RunTime:0.001945s ]
INFO: [ view_filter ] --END-- [ RunTime:0.007093s ]
INFO: [ view_end ] --START--
INFO: ShowPageTrace Behavior ::run [ RunTime:0.001130s ]
INFO: [ view_end ] --END-- [ RunTime:0.001198s ]

[ 2013-10-08T01:06:25+08:00 ] 127.0.0.1 /backbone/wxyoo1-todos/index.php?s=Index/fetch
INFO: [ route_check ] --START--
INFO: CheckRoute Behavior ::run [ RunTime:0.002212s ]
INFO: [ route_check ] --END-- [ RunTime:0.002359s ]
INFO: [ app_begin ] --START--
INFO: ReadHtmlCache Behavior ::run [ RunTime:0.001276s ]
INFO: [ app_begin ] --END-- [ RunTime:0.001354s ]
NOTIC: [2048] Declaration of IndexAction::fetch() should be compatible with that of Action::fetch() F:\WWW\backbone\wxyoo1-todos\Todo\Lib\Action\IndexAction.class.php 第 21 行.
SQL: SHOW COLUMNS FROM `todos` [ RunTime:0.004597s ]
SQL: SELECT * FROM `todos`  [ RunTime:0.001295s ]

[ 2013-10-08T01:08:10+08:00 ] 127.0.0.1 /backbone/wxyoo1-todos/
INFO: [ app_begin ] --START--
INFO: ReadHtmlCache Behavior ::run [ RunTime:0.001434s ]
INFO: [ app_begin ] --END-- [ RunTime:0.001556s ]

[ 2013-10-08T01:08:45+08:00 ] 127.0.0.1 /backbone/wxyoo1-todos/
INFO: [ app_begin ] --START--
INFO: ReadHtmlCache Behavior ::run [ RunTime:0.000629s ]
INFO: [ app_begin ] --END-- [ RunTime:0.000719s ]
NOTIC: [2048] Declaration of IndexAction::fetch() should be compatible with that of Action::fetch() F:\WWW\backbone\wxyoo1-todos\Todo\Lib\Action\IndexAction.class.php 第 22 行.
INFO: [ view_parse ] --START--
INFO: ParseTemplate Behavior ::run [ RunTime:0.011900s ]
INFO: [ view_parse ] --END-- [ RunTime:0.012058s ]
INFO: [ view_filter ] --START--
INFO: ContentReplace Behavior ::run [ RunTime:0.001497s ]
INFO: TokenBuild Behavior ::run [ RunTime:0.001444s ]
INFO: WriteHtmlCache Behavior ::run [ RunTime:0.001324s ]
INFO: ShowRuntime Behavior ::run [ RunTime:0.001927s ]
INFO: [ view_filter ] --END-- [ RunTime:0.006593s ]
INFO: [ view_end ] --START--
INFO: ShowPageTrace Behavior ::run [ RunTime:0.001941s ]
INFO: [ view_end ] --END-- [ RunTime:0.002064s ]

[ 2013-10-08T01:08:45+08:00 ] 127.0.0.1 /backbone/wxyoo1-todos/index.php?s=Index/fetch
INFO: [ route_check ] --START--
INFO: CheckRoute Behavior ::run [ RunTime:0.002283s ]
INFO: [ route_check ] --END-- [ RunTime:0.002441s ]
INFO: [ app_begin ] --START--
INFO: ReadHtmlCache Behavior ::run [ RunTime:0.002054s ]
INFO: [ app_begin ] --END-- [ RunTime:0.002166s ]
NOTIC: [2048] Declaration of IndexAction::fetch() should be compatible with that of Action::fetch() F:\WWW\backbone\wxyoo1-todos\Todo\Lib\Action\IndexAction.class.php 第 22 行.
SQL: SHOW COLUMNS FROM `todos` [ RunTime:0.005293s ]
SQL: SELECT * FROM `todos`  [ RunTime:0.000921s ]

[ 2013-10-08T01:09:08+08:00 ] 127.0.0.1 /backbone/wxyoo1-todos/index.php?s=Index/save
INFO: [ route_check ] --START--
INFO: CheckRoute Behavior ::run [ RunTime:0.000951s ]
INFO: [ route_check ] --END-- [ RunTime:0.001048s ]
INFO: [ app_begin ] --START--
INFO: ReadHtmlCache Behavior ::run [ RunTime:0.000664s ]
INFO: [ app_begin ] --END-- [ RunTime:0.000737s ]
NOTIC: [2048] Declaration of IndexAction::fetch() should be compatible with that of Action::fetch() F:\WWW\backbone\wxyoo1-todos\Todo\Lib\Action\IndexAction.class.php 第 22 行.
SQL: SHOW COLUMNS FROM `todos` [ RunTime:0.004177s ]
SQL: INSERT INTO `todos` (`content`,`done`,`order`) VALUES ('123',0,11) [ RunTime:0.058515s ]

[ 2013-10-08T01:10:26+08:00 ] 127.0.0.1 /backbone/wxyoo1-todos/index.php?s=Index/save
INFO: [ route_check ] --START--
INFO: CheckRoute Behavior ::run [ RunTime:0.001575s ]
INFO: [ route_check ] --END-- [ RunTime:0.001675s ]
INFO: [ app_begin ] --START--
INFO: ReadHtmlCache Behavior ::run [ RunTime:0.001141s ]
INFO: [ app_begin ] --END-- [ RunTime:0.001194s ]
NOTIC: [2048] Declaration of IndexAction::fetch() should be compatible with that of Action::fetch() F:\WWW\backbone\wxyoo1-todos\Todo\Lib\Action\IndexAction.class.php 第 19 行.
SQL: SHOW COLUMNS FROM `todos` [ RunTime:0.003315s ]
SQL: INSERT INTO `todos` (`content`,`done`,`order`) VALUES ('123',0,1) [ RunTime:0.068049s ]

[ 2013-10-08T01:10:38+08:00 ] 127.0.0.1 /backbone/wxyoo1-todos/
INFO: [ app_begin ] --START--
INFO: ReadHtmlCache Behavior ::run [ RunTime:0.000637s ]
INFO: [ app_begin ] --END-- [ RunTime:0.000729s ]
NOTIC: [2048] Declaration of IndexAction::fetch() should be compatible with that of Action::fetch() F:\WWW\backbone\wxyoo1-todos\Todo\Lib\Action\IndexAction.class.php 第 19 行.
INFO: [ view_parse ] --START--
INFO: ParseTemplate Behavior ::run [ RunTime:0.014820s ]
INFO: [ view_parse ] --END-- [ RunTime:0.014980s ]
INFO: [ view_filter ] --START--
INFO: ContentReplace Behavior ::run [ RunTime:0.001473s ]
INFO: TokenBuild Behavior ::run [ RunTime:0.001466s ]
INFO: WriteHtmlCache Behavior ::run [ RunTime:0.001378s ]
INFO: ShowRuntime Behavior ::run [ RunTime:0.001586s ]
INFO: [ view_filter ] --END-- [ RunTime:0.006185s ]
INFO: [ view_end ] --START--
INFO: ShowPageTrace Behavior ::run [ RunTime:0.001852s ]
INFO: [ view_end ] --END-- [ RunTime:0.001960s ]

[ 2013-10-08T01:10:39+08:00 ] 127.0.0.1 /backbone/wxyoo1-todos/index.php?s=Index/fetch
INFO: [ route_check ] --START--
INFO: CheckRoute Behavior ::run [ RunTime:0.001006s ]
INFO: [ route_check ] --END-- [ RunTime:0.001111s ]
INFO: [ app_begin ] --START--
INFO: ReadHtmlCache Behavior ::run [ RunTime:0.000830s ]
INFO: [ app_begin ] --END-- [ RunTime:0.000911s ]
NOTIC: [2048] Declaration of IndexAction::fetch() should be compatible with that of Action::fetch() F:\WWW\backbone\wxyoo1-todos\Todo\Lib\Action\IndexAction.class.php 第 19 行.
SQL: SHOW COLUMNS FROM `todos` [ RunTime:0.004470s ]
SQL: SELECT * FROM `todos`  [ RunTime:0.001094s ]

[ 2013-10-08T01:11:40+08:00 ] 127.0.0.1 /backbone/wxyoo1-todos/index.php?s=Index/save
INFO: [ route_check ] --START--
INFO: CheckRoute Behavior ::run [ RunTime:0.001434s ]
INFO: [ route_check ] --END-- [ RunTime:0.001523s ]
INFO: [ app_begin ] --START--
INFO: ReadHtmlCache Behavior ::run [ RunTime:0.001984s ]
INFO: [ app_begin ] --END-- [ RunTime:0.002125s ]
NOTIC: [2048] Declaration of IndexAction::fetch() should be compatible with that of Action::fetch() F:\WWW\backbone\wxyoo1-todos\Todo\Lib\Action\IndexAction.class.php 第 19 行.
SQL: SHOW COLUMNS FROM `todos` [ RunTime:0.003124s ]
SQL: INSERT INTO `todos` (`content`,`done`,`order`) VALUES ('aaa',0,111) [ RunTime:0.060971s ]

[ 2013-10-08T01:19:55+08:00 ] 127.0.0.1 /backbone/wxyoo1-todos/index.php?s=Index/save
INFO: [ route_check ] --START--
INFO: CheckRoute Behavior ::run [ RunTime:0.001438s ]
INFO: [ route_check ] --END-- [ RunTime:0.001527s ]
INFO: [ app_begin ] --START--
INFO: ReadHtmlCache Behavior ::run [ RunTime:0.001129s ]
INFO: [ app_begin ] --END-- [ RunTime:0.001183s ]
NOTIC: [2048] Declaration of IndexAction::fetch() should be compatible with that of Action::fetch() F:\WWW\backbone\wxyoo1-todos\Todo\Lib\Action\IndexAction.class.php 第 19 行.
SQL: SHOW COLUMNS FROM `todos` [ RunTime:0.003266s ]
SQL: INSERT INTO `todos` (`content`,`done`,`order`) VALUES ('123',0,111) [ RunTime:0.063477s ]

[ 2013-10-08T01:21:24+08:00 ] 127.0.0.1 /backbone/wxyoo1-todos/
INFO: [ app_begin ] --START--
INFO: ReadHtmlCache Behavior ::run [ RunTime:0.000626s ]
INFO: [ app_begin ] --END-- [ RunTime:0.000713s ]
NOTIC: [2048] Declaration of IndexAction::fetch() should be compatible with that of Action::fetch() F:\WWW\backbone\wxyoo1-todos\Todo\Lib\Action\IndexAction.class.php 第 19 行.
INFO: [ view_parse ] --START--
INFO: ParseTemplate Behavior ::run [ RunTime:0.012502s ]
INFO: [ view_parse ] --END-- [ RunTime:0.012611s ]
INFO: [ view_filter ] --START--
INFO: ContentReplace Behavior ::run [ RunTime:0.001327s ]
INFO: TokenBuild Behavior ::run [ RunTime:0.001714s ]
INFO: WriteHtmlCache Behavior ::run [ RunTime:0.001289s ]
INFO: ShowRuntime Behavior ::run [ RunTime:0.001615s ]
INFO: [ view_filter ] --END-- [ RunTime:0.006232s ]
INFO: [ view_end ] --START--
INFO: ShowPageTrace Behavior ::run [ RunTime:0.002698s ]
INFO: [ view_end ] --END-- [ RunTime:0.002798s ]

[ 2013-10-08T01:21:25+08:00 ] 127.0.0.1 /backbone/wxyoo1-todos/index.php?s=Index/fetch
INFO: [ route_check ] --START--
INFO: CheckRoute Behavior ::run [ RunTime:0.002836s ]
INFO: [ route_check ] --END-- [ RunTime:0.003059s ]
INFO: [ app_begin ] --START--
INFO: ReadHtmlCache Behavior ::run [ RunTime:0.002239s ]
INFO: [ app_begin ] --END-- [ RunTime:0.002420s ]
NOTIC: [2048] Declaration of IndexAction::fetch() should be compatible with that of Action::fetch() F:\WWW\backbone\wxyoo1-todos\Todo\Lib\Action\IndexAction.class.php 第 19 行.
SQL: SHOW COLUMNS FROM `todos` [ RunTime:0.004750s ]
SQL: SELECT * FROM `todos`  [ RunTime:0.001334s ]

[ 2013-10-08T01:21:38+08:00 ] 127.0.0.1 /backbone/wxyoo1-todos/index.php?s=Index/save
INFO: [ route_check ] --START--
INFO: CheckRoute Behavior ::run [ RunTime:0.000906s ]
INFO: [ route_check ] --END-- [ RunTime:0.000998s ]
INFO: [ app_begin ] --START--
INFO: ReadHtmlCache Behavior ::run [ RunTime:0.000601s ]
INFO: [ app_begin ] --END-- [ RunTime:0.000653s ]
NOTIC: [2048] Declaration of IndexAction::fetch() should be compatible with that of Action::fetch() F:\WWW\backbone\wxyoo1-todos\Todo\Lib\Action\IndexAction.class.php 第 19 行.
SQL: SHOW COLUMNS FROM `todos` [ RunTime:0.004033s ]
SQL: INSERT INTO `todos` (`content`,`done`,`order`) VALUES ('111',0,1) [ RunTime:0.071959s ]

[ 2013-10-08T01:22:03+08:00 ] 127.0.0.1 /backbone/wxyoo1-todos/
INFO: [ app_begin ] --START--
INFO: ReadHtmlCache Behavior ::run [ RunTime:0.001544s ]
INFO: [ app_begin ] --END-- [ RunTime:0.001637s ]
NOTIC: [2048] Declaration of IndexAction::fetch() should be compatible with that of Action::fetch() F:\WWW\backbone\wxyoo1-todos\Todo\Lib\Action\IndexAction.class.php 第 19 行.
INFO: [ view_parse ] --START--
INFO: ParseTemplate Behavior ::run [ RunTime:0.012315s ]
INFO: [ view_parse ] --END-- [ RunTime:0.012411s ]
INFO: [ view_filter ] --START--
INFO: ContentReplace Behavior ::run [ RunTime:0.000966s ]
INFO: TokenBuild Behavior ::run [ RunTime:0.000984s ]
INFO: WriteHtmlCache Behavior ::run [ RunTime:0.000857s ]
INFO: ShowRuntime Behavior ::run [ RunTime:0.001039s ]
INFO: [ view_filter ] --END-- [ RunTime:0.004008s ]
INFO: [ view_end ] --START--
INFO: ShowPageTrace Behavior ::run [ RunTime:0.001201s ]
INFO: [ view_end ] --END-- [ RunTime:0.001258s ]

[ 2013-10-08T01:22:03+08:00 ] 127.0.0.1 /backbone/wxyoo1-todos/index.php?s=Index/fetch
INFO: [ route_check ] --START--
INFO: CheckRoute Behavior ::run [ RunTime:0.003328s ]
INFO: [ route_check ] --END-- [ RunTime:0.003515s ]
INFO: [ app_begin ] --START--
INFO: ReadHtmlCache Behavior ::run [ RunTime:0.001852s ]
INFO: [ app_begin ] --END-- [ RunTime:0.001951s ]
NOTIC: [2048] Declaration of IndexAction::fetch() should be compatible with that of Action::fetch() F:\WWW\backbone\wxyoo1-todos\Todo\Lib\Action\IndexAction.class.php 第 19 行.
SQL: SHOW COLUMNS FROM `todos` [ RunTime:0.004645s ]
SQL: SELECT * FROM `todos`  [ RunTime:0.001766s ]

[ 2013-10-08T01:27:00+08:00 ] 127.0.0.1 /backbone/wxyoo1-todos/
INFO: [ app_begin ] --START--
INFO: ReadHtmlCache Behavior ::run [ RunTime:0.001882s ]
INFO: [ app_begin ] --END-- [ RunTime:0.002029s ]
NOTIC: [2048] Declaration of IndexAction::fetch() should be compatible with that of Action::fetch() F:\WWW\backbone\wxyoo1-todos\Todo\Lib\Action\IndexAction.class.php 第 20 行.
INFO: [ view_parse ] --START--
INFO: ParseTemplate Behavior ::run [ RunTime:0.019722s ]
INFO: [ view_parse ] --END-- [ RunTime:0.019875s ]
INFO: [ view_filter ] --START--
INFO: ContentReplace Behavior ::run [ RunTime:0.002413s ]
INFO: TokenBuild Behavior ::run [ RunTime:0.002504s ]
INFO: WriteHtmlCache Behavior ::run [ RunTime:0.002132s ]
INFO: ShowRuntime Behavior ::run [ RunTime:0.002413s ]
INFO: [ view_filter ] --END-- [ RunTime:0.009800s ]
INFO: [ view_end ] --START--
INFO: ShowPageTrace Behavior ::run [ RunTime:0.002793s ]
INFO: [ view_end ] --END-- [ RunTime:0.002902s ]

[ 2013-10-08T01:27:00+08:00 ] 127.0.0.1 /backbone/wxyoo1-todos/index.php?s=Index/fetch
INFO: [ route_check ] --START--
INFO: CheckRoute Behavior ::run [ RunTime:0.002338s ]
INFO: [ route_check ] --END-- [ RunTime:0.002518s ]
INFO: [ app_begin ] --START--
INFO: ReadHtmlCache Behavior ::run [ RunTime:0.002009s ]
INFO: [ app_begin ] --END-- [ RunTime:0.002153s ]
NOTIC: [2048] Declaration of IndexAction::fetch() should be compatible with that of Action::fetch() F:\WWW\backbone\wxyoo1-todos\Todo\Lib\Action\IndexAction.class.php 第 20 行.
SQL: SHOW COLUMNS FROM `todos` [ RunTime:0.005483s ]
SQL: SELECT * FROM `todos`  [ RunTime:0.001572s ]

[ 2013-10-08T01:27:04+08:00 ] 127.0.0.1 /backbone/wxyoo1-todos/index.php?s=Index/save
INFO: [ route_check ] --START--
INFO: CheckRoute Behavior ::run [ RunTime:0.001333s ]
INFO: [ route_check ] --END-- [ RunTime:0.001472s ]
INFO: [ app_begin ] --START--
INFO: ReadHtmlCache Behavior ::run [ RunTime:0.000841s ]
INFO: [ app_begin ] --END-- [ RunTime:0.000920s ]
NOTIC: [2048] Declaration of IndexAction::fetch() should be compatible with that of Action::fetch() F:\WWW\backbone\wxyoo1-todos\Todo\Lib\Action\IndexAction.class.php 第 20 行.
SQL: SHOW COLUMNS FROM `todos` [ RunTime:0.003066s ]
SQL: INSERT INTO `todos` (`content`,`done`,`order`) VALUES ('ASDF ',0,11) [ RunTime:0.059438s ]

[ 2013-10-08T01:27:05+08:00 ] 127.0.0.1 /backbone/wxyoo1-todos/
INFO: [ app_begin ] --START--
INFO: ReadHtmlCache Behavior ::run [ RunTime:0.000896s ]
INFO: [ app_begin ] --END-- [ RunTime:0.001027s ]
NOTIC: [2048] Declaration of IndexAction::fetch() should be compatible with that of Action::fetch() F:\WWW\backbone\wxyoo1-todos\Todo\Lib\Action\IndexAction.class.php 第 20 行.
INFO: [ view_parse ] --START--
INFO: ParseTemplate Behavior ::run [ RunTime:0.010967s ]
INFO: [ view_parse ] --END-- [ RunTime:0.011075s ]
INFO: [ view_filter ] --START--
INFO: ContentReplace Behavior ::run [ RunTime:0.001081s ]
INFO: TokenBuild Behavior ::run [ RunTime:0.000994s ]
INFO: WriteHtmlCache Behavior ::run [ RunTime:0.000871s ]
INFO: ShowRuntime Behavior ::run [ RunTime:0.001153s ]
INFO: [ view_filter ] --END-- [ RunTime:0.004284s ]
INFO: [ view_end ] --START--
INFO: ShowPageTrace Behavior ::run [ RunTime:0.001902s ]
INFO: [ view_end ] --END-- [ RunTime:0.001990s ]

[ 2013-10-08T01:27:06+08:00 ] 127.0.0.1 /backbone/wxyoo1-todos/index.php?s=Index/fetch
INFO: [ route_check ] --START--
INFO: CheckRoute Behavior ::run [ RunTime:0.002274s ]
INFO: [ route_check ] --END-- [ RunTime:0.002387s ]
INFO: [ app_begin ] --START--
INFO: ReadHtmlCache Behavior ::run [ RunTime:0.000646s ]
INFO: [ app_begin ] --END-- [ RunTime:0.000706s ]
NOTIC: [2048] Declaration of IndexAction::fetch() should be compatible with that of Action::fetch() F:\WWW\backbone\wxyoo1-todos\Todo\Lib\Action\IndexAction.class.php 第 20 行.
SQL: SHOW COLUMNS FROM `todos` [ RunTime:0.018660s ]
SQL: SELECT * FROM `todos`  [ RunTime:0.001612s ]

[ 2013-10-08T01:30:21+08:00 ] 127.0.0.1 /backbone/wxyoo1-todos/
INFO: [ app_begin ] --START--
INFO: ReadHtmlCache Behavior ::run [ RunTime:0.001135s ]
INFO: [ app_begin ] --END-- [ RunTime:0.001229s ]
NOTIC: [2048] Declaration of IndexAction::fetch() should be compatible with that of Action::fetch() F:\WWW\backbone\wxyoo1-todos\Todo\Lib\Action\IndexAction.class.php 第 20 行.
INFO: [ view_parse ] --START--
INFO: ParseTemplate Behavior ::run [ RunTime:0.012714s ]
INFO: [ view_parse ] --END-- [ RunTime:0.012842s ]
INFO: [ view_filter ] --START--
INFO: ContentReplace Behavior ::run [ RunTime:0.002349s ]
INFO: TokenBuild Behavior ::run [ RunTime:0.002301s ]
INFO: WriteHtmlCache Behavior ::run [ RunTime:0.002144s ]
INFO: ShowRuntime Behavior ::run [ RunTime:0.002762s ]
INFO: [ view_filter ] --END-- [ RunTime:0.009912s ]
INFO: [ view_end ] --START--
INFO: ShowPageTrace Behavior ::run [ RunTime:0.002934s ]
INFO: [ view_end ] --END-- [ RunTime:0.003068s ]

[ 2013-10-08T01:30:22+08:00 ] 127.0.0.1 /backbone/wxyoo1-todos/index.php?s=Index/fetch
INFO: [ route_check ] --START--
INFO: CheckRoute Behavior ::run [ RunTime:0.001843s ]
INFO: [ route_check ] --END-- [ RunTime:0.001974s ]
INFO: [ app_begin ] --START--
INFO: ReadHtmlCache Behavior ::run [ RunTime:0.001887s ]
INFO: [ app_begin ] --END-- [ RunTime:0.002007s ]
NOTIC: [2048] Declaration of IndexAction::fetch() should be compatible with that of Action::fetch() F:\WWW\backbone\wxyoo1-todos\Todo\Lib\Action\IndexAction.class.php 第 20 行.
SQL: SHOW COLUMNS FROM `todos` [ RunTime:0.005053s ]
SQL: SELECT * FROM `todos`  [ RunTime:0.000782s ]

[ 2013-10-08T01:31:27+08:00 ] 127.0.0.1 /backbone/wxyoo1-todos/
INFO: [ app_begin ] --START--
INFO: ReadHtmlCache Behavior ::run [ RunTime:0.001900s ]
INFO: [ app_begin ] --END-- [ RunTime:0.002074s ]
NOTIC: [2048] Declaration of IndexAction::fetch() should be compatible with that of Action::fetch() F:\WWW\backbone\wxyoo1-todos\Todo\Lib\Action\IndexAction.class.php 第 25 行.
INFO: [ view_parse ] --START--
INFO: ParseTemplate Behavior ::run [ RunTime:0.013614s ]
INFO: [ view_parse ] --END-- [ RunTime:0.013906s ]
INFO: [ view_filter ] --START--
INFO: ContentReplace Behavior ::run [ RunTime:0.001623s ]
INFO: TokenBuild Behavior ::run [ RunTime:0.001582s ]
INFO: WriteHtmlCache Behavior ::run [ RunTime:0.001686s ]
INFO: ShowRuntime Behavior ::run [ RunTime:0.001948s ]
INFO: [ view_filter ] --END-- [ RunTime:0.007246s ]
INFO: [ view_end ] --START--
INFO: ShowPageTrace Behavior ::run [ RunTime:0.001977s ]
INFO: [ view_end ] --END-- [ RunTime:0.002042s ]

[ 2013-10-08T01:31:27+08:00 ] 127.0.0.1 /backbone/wxyoo1-todos/index.php?s=Index/fetch
INFO: [ route_check ] --START--
INFO: CheckRoute Behavior ::run [ RunTime:0.003537s ]
INFO: [ route_check ] --END-- [ RunTime:0.003739s ]
INFO: [ app_begin ] --START--
INFO: ReadHtmlCache Behavior ::run [ RunTime:0.001646s ]
INFO: [ app_begin ] --END-- [ RunTime:0.001788s ]
NOTIC: [2048] Declaration of IndexAction::fetch() should be compatible with that of Action::fetch() F:\WWW\backbone\wxyoo1-todos\Todo\Lib\Action\IndexAction.class.php 第 25 行.
SQL: SHOW COLUMNS FROM `todos` [ RunTime:0.004343s ]
SQL: SELECT * FROM `todos`  [ RunTime:0.001255s ]
NOTIC: [8] Undefined index:  done F:\WWW\backbone\wxyoo1-todos\Todo\Lib\Action\IndexAction.class.php 第 17 行.
NOTIC: [2] Invalid argument supplied for foreach() F:\WWW\backbone\wxyoo1-todos\Todo\Lib\Action\IndexAction.class.php 第 17 行.

[ 2013-10-08T01:31:59+08:00 ] 127.0.0.1 /backbone/wxyoo1-todos/
INFO: [ app_begin ] --START--
INFO: ReadHtmlCache Behavior ::run [ RunTime:0.000918s ]
INFO: [ app_begin ] --END-- [ RunTime:0.001056s ]
NOTIC: [2048] Declaration of IndexAction::fetch() should be compatible with that of Action::fetch() F:\WWW\backbone\wxyoo1-todos\Todo\Lib\Action\IndexAction.class.php 第 26 行.
INFO: [ view_parse ] --START--
INFO: ParseTemplate Behavior ::run [ RunTime:0.015748s ]
INFO: [ view_parse ] --END-- [ RunTime:0.015895s ]
INFO: [ view_filter ] --START--
INFO: ContentReplace Behavior ::run [ RunTime:0.002340s ]
INFO: TokenBuild Behavior ::run [ RunTime:0.002369s ]
INFO: WriteHtmlCache Behavior ::run [ RunTime:0.002523s ]
INFO: ShowRuntime Behavior ::run [ RunTime:0.002238s ]
INFO: [ view_filter ] --END-- [ RunTime:0.009795s ]
INFO: [ view_end ] --START--
INFO: ShowPageTrace Behavior ::run [ RunTime:0.002416s ]
INFO: [ view_end ] --END-- [ RunTime:0.002555s ]

[ 2013-10-08T01:31:59+08:00 ] 127.0.0.1 /backbone/wxyoo1-todos/index.php?s=Index/fetch
INFO: [ route_check ] --START--
INFO: CheckRoute Behavior ::run [ RunTime:0.001540s ]
INFO: [ route_check ] --END-- [ RunTime:0.001776s ]
INFO: [ app_begin ] --START--
INFO: ReadHtmlCache Behavior ::run [ RunTime:0.000969s ]
INFO: [ app_begin ] --END-- [ RunTime:0.001067s ]
NOTIC: [2048] Declaration of IndexAction::fetch() should be compatible with that of Action::fetch() F:\WWW\backbone\wxyoo1-todos\Todo\Lib\Action\IndexAction.class.php 第 26 行.
SQL: SHOW COLUMNS FROM `todos` [ RunTime:0.004144s ]
SQL: SELECT * FROM `todos`  [ RunTime:0.001275s ]
NOTIC: [8] Undefined index:  done F:\WWW\backbone\wxyoo1-todos\Todo\Lib\Action\IndexAction.class.php 第 18 行.
NOTIC: [2] Invalid argument supplied for foreach() F:\WWW\backbone\wxyoo1-todos\Todo\Lib\Action\IndexAction.class.php 第 18 行.

[ 2013-10-08T01:32:58+08:00 ] 127.0.0.1 /backbone/wxyoo1-todos/
INFO: [ app_begin ] --START--
INFO: ReadHtmlCache Behavior ::run [ RunTime:0.000960s ]
INFO: [ app_begin ] --END-- [ RunTime:0.001102s ]
NOTIC: [2048] Declaration of IndexAction::fetch() should be compatible with that of Action::fetch() F:\WWW\backbone\wxyoo1-todos\Todo\Lib\Action\IndexAction.class.php 第 26 行.
INFO: [ view_parse ] --START--
INFO: ParseTemplate Behavior ::run [ RunTime:0.013219s ]
INFO: [ view_parse ] --END-- [ RunTime:0.013366s ]
INFO: [ view_filter ] --START--
INFO: ContentReplace Behavior ::run [ RunTime:0.000682s ]
INFO: TokenBuild Behavior ::run [ RunTime:0.000449s ]
INFO: WriteHtmlCache Behavior ::run [ RunTime:0.000333s ]
INFO: ShowRuntime Behavior ::run [ RunTime:0.000545s ]
INFO: [ view_filter ] --END-- [ RunTime:0.002201s ]
INFO: [ view_end ] --START--
INFO: ShowPageTrace Behavior ::run [ RunTime:0.001590s ]
INFO: [ view_end ] --END-- [ RunTime:0.001653s ]

[ 2013-10-08T01:32:58+08:00 ] 127.0.0.1 /backbone/wxyoo1-todos/index.php?s=Index/fetch
INFO: [ route_check ] --START--
INFO: CheckRoute Behavior ::run [ RunTime:0.003359s ]
INFO: [ route_check ] --END-- [ RunTime:0.003508s ]
INFO: [ app_begin ] --START--
INFO: ReadHtmlCache Behavior ::run [ RunTime:0.001744s ]
INFO: [ app_begin ] --END-- [ RunTime:0.001840s ]
NOTIC: [2048] Declaration of IndexAction::fetch() should be compatible with that of Action::fetch() F:\WWW\backbone\wxyoo1-todos\Todo\Lib\Action\IndexAction.class.php 第 26 行.
SQL: SHOW COLUMNS FROM `todos` [ RunTime:0.004254s ]
SQL: SELECT * FROM `todos`  [ RunTime:0.001929s ]

[ 2013-10-08T01:33:41+08:00 ] 127.0.0.1 /backbone/wxyoo1-todos/
INFO: [ app_begin ] --START--
INFO: ReadHtmlCache Behavior ::run [ RunTime:0.000686s ]
INFO: [ app_begin ] --END-- [ RunTime:0.000779s ]

[ 2013-10-08T01:34:35+08:00 ] 127.0.0.1 /backbone/wxyoo1-todos/
INFO: [ app_begin ] --START--
INFO: ReadHtmlCache Behavior ::run [ RunTime:0.000644s ]
INFO: [ app_begin ] --END-- [ RunTime:0.000736s ]

[ 2013-10-08T01:35:02+08:00 ] 127.0.0.1 /backbone/wxyoo1-todos/
INFO: [ app_begin ] --START--
INFO: ReadHtmlCache Behavior ::run [ RunTime:0.001159s ]
INFO: [ app_begin ] --END-- [ RunTime:0.001250s ]

[ 2013-10-08T01:35:25+08:00 ] 127.0.0.1 /backbone/wxyoo1-todos/
INFO: [ app_begin ] --START--
INFO: ReadHtmlCache Behavior ::run [ RunTime:0.000993s ]
INFO: [ app_begin ] --END-- [ RunTime:0.001140s ]
NOTIC: [2048] Declaration of IndexAction::fetch() should be compatible with that of Action::fetch() F:\WWW\backbone\wxyoo1-todos\Todo\Lib\Action\IndexAction.class.php 第 25 行.
INFO: [ view_parse ] --START--
INFO: ParseTemplate Behavior ::run [ RunTime:0.020867s ]
INFO: [ view_parse ] --END-- [ RunTime:0.021032s ]
INFO: [ view_filter ] --START--
INFO: ContentReplace Behavior ::run [ RunTime:0.002413s ]
INFO: TokenBuild Behavior ::run [ RunTime:0.002350s ]
INFO: WriteHtmlCache Behavior ::run [ RunTime:0.002156s ]
INFO: ShowRuntime Behavior ::run [ RunTime:0.002611s ]
INFO: [ view_filter ] --END-- [ RunTime:0.009801s ]
INFO: [ view_end ] --START--
INFO: ShowPageTrace Behavior ::run [ RunTime:0.003039s ]
INFO: [ view_end ] --END-- [ RunTime:0.003158s ]

[ 2013-10-08T01:35:25+08:00 ] 127.0.0.1 /backbone/wxyoo1-todos/index.php?s=Index/fetch
INFO: [ route_check ] --START--
INFO: CheckRoute Behavior ::run [ RunTime:0.002443s ]
INFO: [ route_check ] --END-- [ RunTime:0.002628s ]
INFO: [ app_begin ] --START--
INFO: ReadHtmlCache Behavior ::run [ RunTime:0.001928s ]
INFO: [ app_begin ] --END-- [ RunTime:0.002053s ]
NOTIC: [2048] Declaration of IndexAction::fetch() should be compatible with that of Action::fetch() F:\WWW\backbone\wxyoo1-todos\Todo\Lib\Action\IndexAction.class.php 第 25 行.
SQL: SHOW COLUMNS FROM `todos` [ RunTime:0.003716s ]
SQL: SELECT * FROM `todos`  [ RunTime:0.001514s ]

[ 2013-10-08T01:35:52+08:00 ] 127.0.0.1 /backbone/wxyoo1-todos/
INFO: [ app_begin ] --START--
INFO: ReadHtmlCache Behavior ::run [ RunTime:0.000614s ]
INFO: [ app_begin ] --END-- [ RunTime:0.000701s ]
NOTIC: [2048] Declaration of IndexAction::fetch() should be compatible with that of Action::fetch() F:\WWW\backbone\wxyoo1-todos\Todo\Lib\Action\IndexAction.class.php 第 25 行.
INFO: [ view_parse ] --START--
INFO: ParseTemplate Behavior ::run [ RunTime:0.011959s ]
INFO: [ view_parse ] --END-- [ RunTime:0.012089s ]
INFO: [ view_filter ] --START--
INFO: ContentReplace Behavior ::run [ RunTime:0.001041s ]
INFO: TokenBuild Behavior ::run [ RunTime:0.001012s ]
INFO: WriteHtmlCache Behavior ::run [ RunTime:0.000867s ]
INFO: ShowRuntime Behavior ::run [ RunTime:0.001147s ]
INFO: [ view_filter ] --END-- [ RunTime:0.004282s ]
INFO: [ view_end ] --START--
INFO: ShowPageTrace Behavior ::run [ RunTime:0.002251s ]
INFO: [ view_end ] --END-- [ RunTime:0.002368s ]

[ 2013-10-08T01:35:52+08:00 ] 127.0.0.1 /backbone/wxyoo1-todos/index.php?s=Index/fetch
INFO: [ route_check ] --START--
INFO: CheckRoute Behavior ::run [ RunTime:0.002342s ]
INFO: [ route_check ] --END-- [ RunTime:0.002501s ]
INFO: [ app_begin ] --START--
INFO: ReadHtmlCache Behavior ::run [ RunTime:0.001923s ]
INFO: [ app_begin ] --END-- [ RunTime:0.002046s ]
NOTIC: [2048] Declaration of IndexAction::fetch() should be compatible with that of Action::fetch() F:\WWW\backbone\wxyoo1-todos\Todo\Lib\Action\IndexAction.class.php 第 25 行.
SQL: SHOW COLUMNS FROM `todos` [ RunTime:0.004571s ]
SQL: SELECT * FROM `todos`  [ RunTime:0.001124s ]

[ 2013-10-08T01:36:33+08:00 ] 127.0.0.1 /backbone/wxyoo1-todos/
INFO: [ app_begin ] --START--
INFO: ReadHtmlCache Behavior ::run [ RunTime:0.000654s ]
INFO: [ app_begin ] --END-- [ RunTime:0.000740s ]
NOTIC: [2048] Declaration of IndexAction::fetch() should be compatible with that of Action::fetch() F:\WWW\backbone\wxyoo1-todos\Todo\Lib\Action\IndexAction.class.php 第 24 行.
INFO: [ view_parse ] --START--
INFO: ParseTemplate Behavior ::run [ RunTime:0.011965s ]
INFO: [ view_parse ] --END-- [ RunTime:0.012094s ]
INFO: [ view_filter ] --START--
INFO: ContentReplace Behavior ::run [ RunTime:0.002464s ]
INFO: TokenBuild Behavior ::run [ RunTime:0.002312s ]
INFO: WriteHtmlCache Behavior ::run [ RunTime:0.002719s ]
INFO: ShowRuntime Behavior ::run [ RunTime:0.002597s ]
INFO: [ view_filter ] --END-- [ RunTime:0.010462s ]
INFO: [ view_end ] --START--
INFO: ShowPageTrace Behavior ::run [ RunTime:0.001784s ]
INFO: [ view_end ] --END-- [ RunTime:0.001853s ]

[ 2013-10-08T01:36:34+08:00 ] 127.0.0.1 /backbone/wxyoo1-todos/index.php?s=Index/fetch
INFO: [ route_check ] --START--
INFO: CheckRoute Behavior ::run [ RunTime:0.002782s ]
INFO: [ route_check ] --END-- [ RunTime:0.003021s ]
INFO: [ app_begin ] --START--
INFO: ReadHtmlCache Behavior ::run [ RunTime:0.001997s ]
INFO: [ app_begin ] --END-- [ RunTime:0.002151s ]
NOTIC: [2048] Declaration of IndexAction::fetch() should be compatible with that of Action::fetch() F:\WWW\backbone\wxyoo1-todos\Todo\Lib\Action\IndexAction.class.php 第 24 行.
SQL: SHOW COLUMNS FROM `todos` [ RunTime:0.004402s ]
SQL: SELECT * FROM `todos`  [ RunTime:0.001370s ]

[ 2013-10-08T01:36:50+08:00 ] 127.0.0.1 /backbone/wxyoo1-todos/
INFO: [ app_begin ] --START--
INFO: ReadHtmlCache Behavior ::run [ RunTime:0.000624s ]
INFO: [ app_begin ] --END-- [ RunTime:0.000709s ]
NOTIC: [2048] Declaration of IndexAction::fetch() should be compatible with that of Action::fetch() F:\WWW\backbone\wxyoo1-todos\Todo\Lib\Action\IndexAction.class.php 第 24 行.
INFO: [ view_parse ] --START--
INFO: ParseTemplate Behavior ::run [ RunTime:0.012214s ]
INFO: [ view_parse ] --END-- [ RunTime:0.012315s ]
INFO: [ view_filter ] --START--
INFO: ContentReplace Behavior ::run [ RunTime:0.000996s ]
INFO: TokenBuild Behavior ::run [ RunTime:0.000982s ]
INFO: WriteHtmlCache Behavior ::run [ RunTime:0.000895s ]
INFO: ShowRuntime Behavior ::run [ RunTime:0.001311s ]
INFO: [ view_filter ] --END-- [ RunTime:0.004346s ]
INFO: [ view_end ] --START--
INFO: ShowPageTrace Behavior ::run [ RunTime:0.001735s ]
INFO: [ view_end ] --END-- [ RunTime:0.001817s ]

[ 2013-10-08T01:36:50+08:00 ] 127.0.0.1 /backbone/wxyoo1-todos/index.php?s=Index/fetch
INFO: [ route_check ] --START--
INFO: CheckRoute Behavior ::run [ RunTime:0.003302s ]
INFO: [ route_check ] --END-- [ RunTime:0.003488s ]
INFO: [ app_begin ] --START--
INFO: ReadHtmlCache Behavior ::run [ RunTime:0.000763s ]
INFO: [ app_begin ] --END-- [ RunTime:0.000857s ]
NOTIC: [2048] Declaration of IndexAction::fetch() should be compatible with that of Action::fetch() F:\WWW\backbone\wxyoo1-todos\Todo\Lib\Action\IndexAction.class.php 第 24 行.
SQL: SHOW COLUMNS FROM `todos` [ RunTime:0.004570s ]
SQL: SELECT * FROM `todos`  [ RunTime:0.001306s ]

[ 2013-10-08T01:37:29+08:00 ] 127.0.0.1 /backbone/wxyoo1-todos/
INFO: [ app_begin ] --START--
INFO: ReadHtmlCache Behavior ::run [ RunTime:0.001619s ]
INFO: [ app_begin ] --END-- [ RunTime:0.001728s ]
NOTIC: [2048] Declaration of IndexAction::fetch() should be compatible with that of Action::fetch() F:\WWW\backbone\wxyoo1-todos\Todo\Lib\Action\IndexAction.class.php 第 26 行.
INFO: [ view_parse ] --START--
INFO: ParseTemplate Behavior ::run [ RunTime:0.015282s ]
INFO: [ view_parse ] --END-- [ RunTime:0.015466s ]
INFO: [ view_filter ] --START--
INFO: ContentReplace Behavior ::run [ RunTime:0.001691s ]
INFO: TokenBuild Behavior ::run [ RunTime:0.001666s ]
INFO: WriteHtmlCache Behavior ::run [ RunTime:0.001699s ]
INFO: ShowRuntime Behavior ::run [ RunTime:0.001955s ]
INFO: [ view_filter ] --END-- [ RunTime:0.007350s ]
INFO: [ view_end ] --START--
INFO: ShowPageTrace Behavior ::run [ RunTime:0.001817s ]
INFO: [ view_end ] --END-- [ RunTime:0.001886s ]

[ 2013-10-08T01:37:29+08:00 ] 127.0.0.1 /backbone/wxyoo1-todos/index.php?s=Index/fetch
INFO: [ route_check ] --START--
INFO: CheckRoute Behavior ::run [ RunTime:0.001047s ]
INFO: [ route_check ] --END-- [ RunTime:0.001154s ]
INFO: [ app_begin ] --START--
INFO: ReadHtmlCache Behavior ::run [ RunTime:0.000938s ]
INFO: [ app_begin ] --END-- [ RunTime:0.001025s ]
NOTIC: [2048] Declaration of IndexAction::fetch() should be compatible with that of Action::fetch() F:\WWW\backbone\wxyoo1-todos\Todo\Lib\Action\IndexAction.class.php 第 26 行.
SQL: SHOW COLUMNS FROM `todos` [ RunTime:0.039464s ]
SQL: SELECT * FROM `todos`  [ RunTime:0.001199s ]

[ 2013-10-08T01:37:53+08:00 ] 127.0.0.1 /backbone/wxyoo1-todos/
INFO: [ app_begin ] --START--
INFO: ReadHtmlCache Behavior ::run [ RunTime:0.001629s ]
INFO: [ app_begin ] --END-- [ RunTime:0.001754s ]
NOTIC: [2048] Declaration of IndexAction::fetch() should be compatible with that of Action::fetch() F:\WWW\backbone\wxyoo1-todos\Todo\Lib\Action\IndexAction.class.php 第 26 行.
INFO: [ view_parse ] --START--
INFO: ParseTemplate Behavior ::run [ RunTime:0.008299s ]
INFO: [ view_parse ] --END-- [ RunTime:0.008414s ]
INFO: [ view_filter ] --START--
INFO: ContentReplace Behavior ::run [ RunTime:0.000451s ]
INFO: TokenBuild Behavior ::run [ RunTime:0.000429s ]
INFO: WriteHtmlCache Behavior ::run [ RunTime:0.000322s ]
INFO: ShowRuntime Behavior ::run [ RunTime:0.000513s ]
INFO: [ view_filter ] --END-- [ RunTime:0.001874s ]
INFO: [ view_end ] --START--
INFO: ShowPageTrace Behavior ::run [ RunTime:0.000656s ]
INFO: [ view_end ] --END-- [ RunTime:0.000711s ]

[ 2013-10-08T01:37:53+08:00 ] 127.0.0.1 /backbone/wxyoo1-todos/index.php?s=Index/fetch
INFO: [ route_check ] --START--
INFO: CheckRoute Behavior ::run [ RunTime:0.002191s ]
INFO: [ route_check ] --END-- [ RunTime:0.002330s ]
INFO: [ app_begin ] --START--
INFO: ReadHtmlCache Behavior ::run [ RunTime:0.002173s ]
INFO: [ app_begin ] --END-- [ RunTime:0.002317s ]
NOTIC: [2048] Declaration of IndexAction::fetch() should be compatible with that of Action::fetch() F:\WWW\backbone\wxyoo1-todos\Todo\Lib\Action\IndexAction.class.php 第 26 行.
SQL: SHOW COLUMNS FROM `todos` [ RunTime:0.004377s ]
SQL: SELECT * FROM `todos`  [ RunTime:0.000797s ]

[ 2013-10-08T01:38:03+08:00 ] 127.0.0.1 /backbone/wxyoo1-todos/index.php?s=Index/save
INFO: [ route_check ] --START--
INFO: CheckRoute Behavior ::run [ RunTime:0.002097s ]
INFO: [ route_check ] --END-- [ RunTime:0.002189s ]
INFO: [ app_begin ] --START--
INFO: ReadHtmlCache Behavior ::run [ RunTime:0.000653s ]
INFO: [ app_begin ] --END-- [ RunTime:0.000717s ]
NOTIC: [2048] Declaration of IndexAction::fetch() should be compatible with that of Action::fetch() F:\WWW\backbone\wxyoo1-todos\Todo\Lib\Action\IndexAction.class.php 第 26 行.
SQL: SHOW COLUMNS FROM `todos` [ RunTime:0.063612s ]
SQL: INSERT INTO `todos` (`content`,`done`,`order`) VALUES ('ASDF ',1,11) [ RunTime:0.072970s ]

[ 2013-10-08T01:38:04+08:00 ] 127.0.0.1 /backbone/wxyoo1-todos/index.php?s=Index/save
INFO: [ route_check ] --START--
INFO: CheckRoute Behavior ::run [ RunTime:0.001909s ]
INFO: [ route_check ] --END-- [ RunTime:0.001993s ]
INFO: [ app_begin ] --START--
INFO: ReadHtmlCache Behavior ::run [ RunTime:0.000672s ]
INFO: [ app_begin ] --END-- [ RunTime:0.000725s ]
NOTIC: [2048] Declaration of IndexAction::fetch() should be compatible with that of Action::fetch() F:\WWW\backbone\wxyoo1-todos\Todo\Lib\Action\IndexAction.class.php 第 26 行.
SQL: SHOW COLUMNS FROM `todos` [ RunTime:0.003637s ]
SQL: INSERT INTO `todos` (`content`,`done`,`order`) VALUES ('ASDF ',0,11) [ RunTime:0.068831s ]

[ 2013-10-08T01:38:04+08:00 ] 127.0.0.1 /backbone/wxyoo1-todos/index.php?s=Index/save
INFO: [ route_check ] --START--
INFO: CheckRoute Behavior ::run [ RunTime:0.002013s ]
INFO: [ route_check ] --END-- [ RunTime:0.002108s ]
INFO: [ app_begin ] --START--
INFO: ReadHtmlCache Behavior ::run [ RunTime:0.000703s ]
INFO: [ app_begin ] --END-- [ RunTime:0.000771s ]
NOTIC: [2048] Declaration of IndexAction::fetch() should be compatible with that of Action::fetch() F:\WWW\backbone\wxyoo1-todos\Todo\Lib\Action\IndexAction.class.php 第 26 行.
SQL: SHOW COLUMNS FROM `todos` [ RunTime:0.003621s ]
SQL: INSERT INTO `todos` (`content`,`done`,`order`) VALUES ('ASDF ',1,11) [ RunTime:0.061138s ]

[ 2013-10-08T01:38:07+08:00 ] 127.0.0.1 /backbone/wxyoo1-todos/index.php?s=Index/save
INFO: [ route_check ] --START--
INFO: CheckRoute Behavior ::run [ RunTime:0.002321s ]
INFO: [ route_check ] --END-- [ RunTime:0.002447s ]
INFO: [ app_begin ] --START--
INFO: ReadHtmlCache Behavior ::run [ RunTime:0.000604s ]
INFO: [ app_begin ] --END-- [ RunTime:0.000659s ]
NOTIC: [2048] Declaration of IndexAction::fetch() should be compatible with that of Action::fetch() F:\WWW\backbone\wxyoo1-todos\Todo\Lib\Action\IndexAction.class.php 第 26 行.
SQL: SHOW COLUMNS FROM `todos` [ RunTime:0.003336s ]
SQL: INSERT INTO `todos` (`content`,`done`,`order`) VALUES ('111',1,1) [ RunTime:0.060365s ]

[ 2013-10-08T01:38:08+08:00 ] 127.0.0.1 /backbone/wxyoo1-todos/index.php?s=Index/save
INFO: [ route_check ] --START--
INFO: CheckRoute Behavior ::run [ RunTime:0.001941s ]
INFO: [ route_check ] --END-- [ RunTime:0.002033s ]
INFO: [ app_begin ] --START--
INFO: ReadHtmlCache Behavior ::run [ RunTime:0.000597s ]
INFO: [ app_begin ] --END-- [ RunTime:0.000649s ]
NOTIC: [2048] Declaration of IndexAction::fetch() should be compatible with that of Action::fetch() F:\WWW\backbone\wxyoo1-todos\Todo\Lib\Action\IndexAction.class.php 第 26 行.
SQL: SHOW COLUMNS FROM `todos` [ RunTime:0.003268s ]
SQL: INSERT INTO `todos` (`content`,`done`,`order`) VALUES ('111',0,1) [ RunTime:0.051395s ]

[ 2013-10-08T01:40:16+08:00 ] 127.0.0.1 /backbone/wxyoo1-todos/index.php?s=Index/save
INFO: [ route_check ] --START--
INFO: CheckRoute Behavior ::run [ RunTime:0.003226s ]
INFO: [ route_check ] --END-- [ RunTime:0.003389s ]
INFO: [ app_begin ] --START--
INFO: ReadHtmlCache Behavior ::run [ RunTime:0.001895s ]
INFO: [ app_begin ] --END-- [ RunTime:0.002019s ]
NOTIC: [2048] Declaration of IndexAction::fetch() should be compatible with that of Action::fetch() F:\WWW\backbone\wxyoo1-todos\Todo\Lib\Action\IndexAction.class.php 第 26 行.
SQL: SHOW COLUMNS FROM `todos` [ RunTime:0.003650s ]
SQL: INSERT INTO `todos` (`content`,`done`,`order`) VALUES ('ryg',0,111) [ RunTime:0.073061s ]

[ 2013-10-08T01:40:18+08:00 ] 127.0.0.1 /backbone/wxyoo1-todos/
INFO: [ app_begin ] --START--
INFO: ReadHtmlCache Behavior ::run [ RunTime:0.000619s ]
INFO: [ app_begin ] --END-- [ RunTime:0.000703s ]
NOTIC: [2048] Declaration of IndexAction::fetch() should be compatible with that of Action::fetch() F:\WWW\backbone\wxyoo1-todos\Todo\Lib\Action\IndexAction.class.php 第 26 行.
INFO: [ view_parse ] --START--
INFO: ParseTemplate Behavior ::run [ RunTime:0.014892s ]
INFO: [ view_parse ] --END-- [ RunTime:0.015009s ]
INFO: [ view_filter ] --START--
INFO: ContentReplace Behavior ::run [ RunTime:0.001611s ]
INFO: TokenBuild Behavior ::run [ RunTime:0.001538s ]
INFO: WriteHtmlCache Behavior ::run [ RunTime:0.001520s ]
INFO: ShowRuntime Behavior ::run [ RunTime:0.001657s ]
INFO: [ view_filter ] --END-- [ RunTime:0.006560s ]
INFO: [ view_end ] --START--
INFO: ShowPageTrace Behavior ::run [ RunTime:0.001739s ]
INFO: [ view_end ] --END-- [ RunTime:0.001802s ]

[ 2013-10-08T01:40:18+08:00 ] 127.0.0.1 /backbone/wxyoo1-todos/index.php?s=Index/fetch
INFO: [ route_check ] --START--
INFO: CheckRoute Behavior ::run [ RunTime:0.002488s ]
INFO: [ route_check ] --END-- [ RunTime:0.002666s ]
INFO: [ app_begin ] --START--
INFO: ReadHtmlCache Behavior ::run [ RunTime:0.002019s ]
INFO: [ app_begin ] --END-- [ RunTime:0.002182s ]
NOTIC: [2048] Declaration of IndexAction::fetch() should be compatible with that of Action::fetch() F:\WWW\backbone\wxyoo1-todos\Todo\Lib\Action\IndexAction.class.php 第 26 行.
SQL: SHOW COLUMNS FROM `todos` [ RunTime:0.004201s ]
SQL: SELECT * FROM `todos`  [ RunTime:0.001421s ]

[ 2013-10-08T01:40:31+08:00 ] 127.0.0.1 /backbone/wxyoo1-todos/
INFO: [ app_begin ] --START--
INFO: ReadHtmlCache Behavior ::run [ RunTime:0.000688s ]
INFO: [ app_begin ] --END-- [ RunTime:0.000791s ]
NOTIC: [2048] Declaration of IndexAction::fetch() should be compatible with that of Action::fetch() F:\WWW\backbone\wxyoo1-todos\Todo\Lib\Action\IndexAction.class.php 第 26 行.
INFO: [ view_parse ] --START--
INFO: ParseTemplate Behavior ::run [ RunTime:0.014528s ]
INFO: [ view_parse ] --END-- [ RunTime:0.014678s ]
INFO: [ view_filter ] --START--
INFO: ContentReplace Behavior ::run [ RunTime:0.002480s ]
INFO: TokenBuild Behavior ::run [ RunTime:0.002440s ]
INFO: WriteHtmlCache Behavior ::run [ RunTime:0.001718s ]
INFO: ShowRuntime Behavior ::run [ RunTime:0.002441s ]
INFO: [ view_filter ] --END-- [ RunTime:0.009419s ]
INFO: [ view_end ] --START--
INFO: ShowPageTrace Behavior ::run [ RunTime:0.001844s ]
INFO: [ view_end ] --END-- [ RunTime:0.001937s ]

[ 2013-10-08T01:40:31+08:00 ] 127.0.0.1 /backbone/wxyoo1-todos/index.php?s=Index/fetch
INFO: [ route_check ] --START--
INFO: CheckRoute Behavior ::run [ RunTime:0.003581s ]
INFO: [ route_check ] --END-- [ RunTime:0.003763s ]
INFO: [ app_begin ] --START--
INFO: ReadHtmlCache Behavior ::run [ RunTime:0.001624s ]
INFO: [ app_begin ] --END-- [ RunTime:0.001783s ]
NOTIC: [2048] Declaration of IndexAction::fetch() should be compatible with that of Action::fetch() F:\WWW\backbone\wxyoo1-todos\Todo\Lib\Action\IndexAction.class.php 第 26 行.
SQL: SHOW COLUMNS FROM `todos` [ RunTime:0.004616s ]
SQL: SELECT * FROM `todos`  [ RunTime:0.001076s ]

[ 2013-10-08T01:40:32+08:00 ] 127.0.0.1 /backbone/wxyoo1-todos/
INFO: [ app_begin ] --START--
INFO: ReadHtmlCache Behavior ::run [ RunTime:0.001170s ]
INFO: [ app_begin ] --END-- [ RunTime:0.001262s ]
NOTIC: [2048] Declaration of IndexAction::fetch() should be compatible with that of Action::fetch() F:\WWW\backbone\wxyoo1-todos\Todo\Lib\Action\IndexAction.class.php 第 26 行.
INFO: [ view_parse ] --START--
INFO: ParseTemplate Behavior ::run [ RunTime:0.013111s ]
INFO: [ view_parse ] --END-- [ RunTime:0.013212s ]
INFO: [ view_filter ] --START--
INFO: ContentReplace Behavior ::run [ RunTime:0.001583s ]
INFO: TokenBuild Behavior ::run [ RunTime:0.001460s ]
INFO: WriteHtmlCache Behavior ::run [ RunTime:0.001346s ]
INFO: ShowRuntime Behavior ::run [ RunTime:0.001597s ]
INFO: [ view_filter ] --END-- [ RunTime:0.006149s ]
INFO: [ view_end ] --START--
INFO: ShowPageTrace Behavior ::run [ RunTime:0.001178s ]
INFO: [ view_end ] --END-- [ RunTime:0.001233s ]

[ 2013-10-08T01:40:32+08:00 ] 127.0.0.1 /backbone/wxyoo1-todos/index.php?s=Index/fetch
INFO: [ route_check ] --START--
INFO: CheckRoute Behavior ::run [ RunTime:0.001548s ]
INFO: [ route_check ] --END-- [ RunTime:0.001652s ]
INFO: [ app_begin ] --START--
INFO: ReadHtmlCache Behavior ::run [ RunTime:0.001381s ]
INFO: [ app_begin ] --END-- [ RunTime:0.001459s ]
NOTIC: [2048] Declaration of IndexAction::fetch() should be compatible with that of Action::fetch() F:\WWW\backbone\wxyoo1-todos\Todo\Lib\Action\IndexAction.class.php 第 26 行.
SQL: SHOW COLUMNS FROM `todos` [ RunTime:0.004200s ]
SQL: SELECT * FROM `todos`  [ RunTime:0.001458s ]

[ 2013-10-08T01:41:01+08:00 ] 127.0.0.1 /backbone/wxyoo1-todos/index.php?s=Index/save
INFO: [ route_check ] --START--
INFO: CheckRoute Behavior ::run [ RunTime:0.001298s ]
INFO: [ route_check ] --END-- [ RunTime:0.001442s ]
INFO: [ app_begin ] --START--
INFO: ReadHtmlCache Behavior ::run [ RunTime:0.001113s ]
INFO: [ app_begin ] --END-- [ RunTime:0.001204s ]
NOTIC: [2048] Declaration of IndexAction::fetch() should be compatible with that of Action::fetch() F:\WWW\backbone\wxyoo1-todos\Todo\Lib\Action\IndexAction.class.php 第 26 行.
SQL: SHOW COLUMNS FROM `todos` [ RunTime:0.003535s ]
SQL: INSERT INTO `todos` (`content`,`done`,`order`) VALUES ('111',1,1) [ RunTime:0.059280s ]

[ 2013-10-08T01:41:57+08:00 ] 127.0.0.1 /backbone/wxyoo1-todos/
INFO: [ app_begin ] --START--
INFO: ReadHtmlCache Behavior ::run [ RunTime:0.000657s ]
INFO: [ app_begin ] --END-- [ RunTime:0.000746s ]
NOTIC: [2048] Declaration of IndexAction::fetch() should be compatible with that of Action::fetch() F:\WWW\backbone\wxyoo1-todos\Todo\Lib\Action\IndexAction.class.php 第 26 行.
INFO: [ view_parse ] --START--
INFO: ParseTemplate Behavior ::run [ RunTime:0.013254s ]
INFO: [ view_parse ] --END-- [ RunTime:0.013377s ]
INFO: [ view_filter ] --START--
INFO: ContentReplace Behavior ::run [ RunTime:0.001466s ]
INFO: TokenBuild Behavior ::run [ RunTime:0.001503s ]
INFO: WriteHtmlCache Behavior ::run [ RunTime:0.001394s ]
INFO: ShowRuntime Behavior ::run [ RunTime:0.001575s ]
INFO: [ view_filter ] --END-- [ RunTime:0.006245s ]
INFO: [ view_end ] --START--
INFO: ShowPageTrace Behavior ::run [ RunTime:0.002759s ]
INFO: [ view_end ] --END-- [ RunTime:0.002871s ]

[ 2013-10-08T01:41:57+08:00 ] 127.0.0.1 /backbone/wxyoo1-todos/index.php?s=Index/fetch
INFO: [ route_check ] --START--
INFO: CheckRoute Behavior ::run [ RunTime:0.002343s ]
INFO: [ route_check ] --END-- [ RunTime:0.002506s ]
INFO: [ app_begin ] --START--
INFO: ReadHtmlCache Behavior ::run [ RunTime:0.001786s ]
INFO: [ app_begin ] --END-- [ RunTime:0.001885s ]
NOTIC: [2048] Declaration of IndexAction::fetch() should be compatible with that of Action::fetch() F:\WWW\backbone\wxyoo1-todos\Todo\Lib\Action\IndexAction.class.php 第 26 行.
SQL: SHOW COLUMNS FROM `todos` [ RunTime:0.048898s ]
SQL: SELECT * FROM `todos`  [ RunTime:0.001887s ]
NOTIC: [2] Invalid argument supplied for foreach() F:\WWW\backbone\wxyoo1-todos\Todo\Lib\Action\IndexAction.class.php 第 18 行.

[ 2013-10-08T01:42:03+08:00 ] 127.0.0.1 /backbone/wxyoo1-todos/index.php?s=Index/save
INFO: [ route_check ] --START--
INFO: CheckRoute Behavior ::run [ RunTime:0.001440s ]
INFO: [ route_check ] --END-- [ RunTime:0.001524s ]
INFO: [ app_begin ] --START--
INFO: ReadHtmlCache Behavior ::run [ RunTime:0.000589s ]
INFO: [ app_begin ] --END-- [ RunTime:0.000640s ]
NOTIC: [2048] Declaration of IndexAction::fetch() should be compatible with that of Action::fetch() F:\WWW\backbone\wxyoo1-todos\Todo\Lib\Action\IndexAction.class.php 第 26 行.
SQL: SHOW COLUMNS FROM `todos` [ RunTime:0.004374s ]
SQL: INSERT INTO `todos` (`content`,`done`,`order`) VALUES ('111111',0,1) [ RunTime:0.090325s ]

[ 2013-10-08T01:42:05+08:00 ] 127.0.0.1 /backbone/wxyoo1-todos/
INFO: [ app_begin ] --START--
INFO: ReadHtmlCache Behavior ::run [ RunTime:0.000693s ]
INFO: [ app_begin ] --END-- [ RunTime:0.000784s ]
NOTIC: [2048] Declaration of IndexAction::fetch() should be compatible with that of Action::fetch() F:\WWW\backbone\wxyoo1-todos\Todo\Lib\Action\IndexAction.class.php 第 26 行.
INFO: [ view_parse ] --START--
INFO: ParseTemplate Behavior ::run [ RunTime:0.013333s ]
INFO: [ view_parse ] --END-- [ RunTime:0.013453s ]
INFO: [ view_filter ] --START--
INFO: ContentReplace Behavior ::run [ RunTime:0.002304s ]
INFO: TokenBuild Behavior ::run [ RunTime:0.002680s ]
INFO: WriteHtmlCache Behavior ::run [ RunTime:0.002670s ]
INFO: ShowRuntime Behavior ::run [ RunTime:0.002375s ]
INFO: [ view_filter ] --END-- [ RunTime:0.010380s ]
INFO: [ view_end ] --START--
INFO: ShowPageTrace Behavior ::run [ RunTime:0.001008s ]
INFO: [ view_end ] --END-- [ RunTime:0.001067s ]

[ 2013-10-08T01:42:05+08:00 ] 127.0.0.1 /backbone/wxyoo1-todos/index.php?s=Index/fetch
INFO: [ route_check ] --START--
INFO: CheckRoute Behavior ::run [ RunTime:0.001719s ]
INFO: [ route_check ] --END-- [ RunTime:0.001920s ]
INFO: [ app_begin ] --START--
INFO: ReadHtmlCache Behavior ::run [ RunTime:0.001133s ]
INFO: [ app_begin ] --END-- [ RunTime:0.001276s ]
NOTIC: [2048] Declaration of IndexAction::fetch() should be compatible with that of Action::fetch() F:\WWW\backbone\wxyoo1-todos\Todo\Lib\Action\IndexAction.class.php 第 26 行.
SQL: SHOW COLUMNS FROM `todos` [ RunTime:0.004224s ]
SQL: SELECT * FROM `todos`  [ RunTime:0.001597s ]

[ 2013-10-08T01:42:09+08:00 ] 127.0.0.1 /backbone/wxyoo1-todos/index.php?s=Index/save
INFO: [ route_check ] --START--
INFO: CheckRoute Behavior ::run [ RunTime:0.000950s ]
INFO: [ route_check ] --END-- [ RunTime:0.001044s ]
INFO: [ app_begin ] --START--
INFO: ReadHtmlCache Behavior ::run [ RunTime:0.000614s ]
INFO: [ app_begin ] --END-- [ RunTime:0.000667s ]
NOTIC: [2048] Declaration of IndexAction::fetch() should be compatible with that of Action::fetch() F:\WWW\backbone\wxyoo1-todos\Todo\Lib\Action\IndexAction.class.php 第 26 行.
SQL: SHOW COLUMNS FROM `todos` [ RunTime:0.003464s ]
SQL: INSERT INTO `todos` (`content`,`done`,`order`) VALUES ('2222222',0,11) [ RunTime:0.110455s ]

[ 2013-10-08T01:42:10+08:00 ] 127.0.0.1 /backbone/wxyoo1-todos/
INFO: [ app_begin ] --START--
INFO: ReadHtmlCache Behavior ::run [ RunTime:0.000607s ]
INFO: [ app_begin ] --END-- [ RunTime:0.000687s ]
NOTIC: [2048] Declaration of IndexAction::fetch() should be compatible with that of Action::fetch() F:\WWW\backbone\wxyoo1-todos\Todo\Lib\Action\IndexAction.class.php 第 26 行.
INFO: [ view_parse ] --START--
INFO: ParseTemplate Behavior ::run [ RunTime:0.010902s ]
INFO: [ view_parse ] --END-- [ RunTime:0.011032s ]
INFO: [ view_filter ] --START--
INFO: ContentReplace Behavior ::run [ RunTime:0.000678s ]
INFO: TokenBuild Behavior ::run [ RunTime:0.000631s ]
INFO: WriteHtmlCache Behavior ::run [ RunTime:0.000451s ]
INFO: ShowRuntime Behavior ::run [ RunTime:0.000737s ]
INFO: [ view_filter ] --END-- [ RunTime:0.002749s ]
INFO: [ view_end ] --START--
INFO: ShowPageTrace Behavior ::run [ RunTime:0.002263s ]
INFO: [ view_end ] --END-- [ RunTime:0.002380s ]

[ 2013-10-08T01:42:10+08:00 ] 127.0.0.1 /backbone/wxyoo1-todos/index.php?s=Index/fetch
INFO: [ route_check ] --START--
INFO: CheckRoute Behavior ::run [ RunTime:0.002044s ]
INFO: [ route_check ] --END-- [ RunTime:0.002149s ]
INFO: [ app_begin ] --START--
INFO: ReadHtmlCache Behavior ::run [ RunTime:0.000634s ]
INFO: [ app_begin ] --END-- [ RunTime:0.000697s ]
NOTIC: [2048] Declaration of IndexAction::fetch() should be compatible with that of Action::fetch() F:\WWW\backbone\wxyoo1-todos\Todo\Lib\Action\IndexAction.class.php 第 26 行.
SQL: SHOW COLUMNS FROM `todos` [ RunTime:0.004509s ]
SQL: SELECT * FROM `todos`  [ RunTime:0.001370s ]

[ 2013-10-08T01:42:13+08:00 ] 127.0.0.1 /backbone/wxyoo1-todos/index.php?s=Index/save
INFO: [ route_check ] --START--
INFO: CheckRoute Behavior ::run [ RunTime:0.002654s ]
INFO: [ route_check ] --END-- [ RunTime:0.002782s ]
INFO: [ app_begin ] --START--
INFO: ReadHtmlCache Behavior ::run [ RunTime:0.000606s ]
INFO: [ app_begin ] --END-- [ RunTime:0.000659s ]
NOTIC: [2048] Declaration of IndexAction::fetch() should be compatible with that of Action::fetch() F:\WWW\backbone\wxyoo1-todos\Todo\Lib\Action\IndexAction.class.php 第 26 行.
SQL: SHOW COLUMNS FROM `todos` [ RunTime:0.003056s ]
SQL: INSERT INTO `todos` (`content`,`done`,`order`) VALUES ('3333',0,111) [ RunTime:0.028242s ]

[ 2013-10-08T01:42:15+08:00 ] 127.0.0.1 /backbone/wxyoo1-todos/
INFO: [ app_begin ] --START--
INFO: ReadHtmlCache Behavior ::run [ RunTime:0.000708s ]
INFO: [ app_begin ] --END-- [ RunTime:0.000793s ]
NOTIC: [2048] Declaration of IndexAction::fetch() should be compatible with that of Action::fetch() F:\WWW\backbone\wxyoo1-todos\Todo\Lib\Action\IndexAction.class.php 第 26 行.
INFO: [ view_parse ] --START--
INFO: ParseTemplate Behavior ::run [ RunTime:0.011328s ]
INFO: [ view_parse ] --END-- [ RunTime:0.011428s ]
INFO: [ view_filter ] --START--
INFO: ContentReplace Behavior ::run [ RunTime:0.001550s ]
INFO: TokenBuild Behavior ::run [ RunTime:0.001678s ]
INFO: WriteHtmlCache Behavior ::run [ RunTime:0.001458s ]
INFO: ShowRuntime Behavior ::run [ RunTime:0.001866s ]
INFO: [ view_filter ] --END-- [ RunTime:0.006794s ]
INFO: [ view_end ] --START--
INFO: ShowPageTrace Behavior ::run [ RunTime:0.002105s ]
INFO: [ view_end ] --END-- [ RunTime:0.002196s ]

[ 2013-10-08T01:42:15+08:00 ] 127.0.0.1 /backbone/wxyoo1-todos/index.php?s=Index/fetch
INFO: [ route_check ] --START--
INFO: CheckRoute Behavior ::run [ RunTime:0.001526s ]
INFO: [ route_check ] --END-- [ RunTime:0.001690s ]
INFO: [ app_begin ] --START--
INFO: ReadHtmlCache Behavior ::run [ RunTime:0.001001s ]
INFO: [ app_begin ] --END-- [ RunTime:0.001110s ]
NOTIC: [2048] Declaration of IndexAction::fetch() should be compatible with that of Action::fetch() F:\WWW\backbone\wxyoo1-todos\Todo\Lib\Action\IndexAction.class.php 第 26 行.
SQL: SHOW COLUMNS FROM `todos` [ RunTime:0.005328s ]
SQL: SELECT * FROM `todos`  [ RunTime:0.000845s ]

[ 2013-10-08T01:44:00+08:00 ] 127.0.0.1 /backbone/wxyoo1-todos/
INFO: [ app_begin ] --START--
INFO: ReadHtmlCache Behavior ::run [ RunTime:0.001786s ]
INFO: [ app_begin ] --END-- [ RunTime:0.001928s ]
NOTIC: [2048] Declaration of IndexAction::fetch() should be compatible with that of Action::fetch() F:\WWW\backbone\wxyoo1-todos\Todo\Lib\Action\IndexAction.class.php 第 26 行.
INFO: [ view_parse ] --START--
INFO: ParseTemplate Behavior ::run [ RunTime:0.012554s ]
INFO: [ view_parse ] --END-- [ RunTime:0.012673s ]
INFO: [ view_filter ] --START--
INFO: ContentReplace Behavior ::run [ RunTime:0.001681s ]
INFO: TokenBuild Behavior ::run [ RunTime:0.001576s ]
INFO: WriteHtmlCache Behavior ::run [ RunTime:0.001389s ]
INFO: ShowRuntime Behavior ::run [ RunTime:0.002000s ]
INFO: [ view_filter ] --END-- [ RunTime:0.007004s ]
INFO: [ view_end ] --START--
INFO: ShowPageTrace Behavior ::run [ RunTime:0.001841s ]
INFO: [ view_end ] --END-- [ RunTime:0.001943s ]

[ 2013-10-08T01:44:00+08:00 ] 127.0.0.1 /backbone/wxyoo1-todos/index.php?s=Index/fetch
INFO: [ route_check ] --START--
INFO: CheckRoute Behavior ::run [ RunTime:0.001184s ]
INFO: [ route_check ] --END-- [ RunTime:0.001323s ]
INFO: [ app_begin ] --START--
INFO: ReadHtmlCache Behavior ::run [ RunTime:0.001321s ]
INFO: [ app_begin ] --END-- [ RunTime:0.001414s ]
NOTIC: [2048] Declaration of IndexAction::fetch() should be compatible with that of Action::fetch() F:\WWW\backbone\wxyoo1-todos\Todo\Lib\Action\IndexAction.class.php 第 26 行.
SQL: SHOW COLUMNS FROM `todos` [ RunTime:0.004521s ]
SQL: SELECT * FROM `todos`  [ RunTime:0.001448s ]

[ 2013-10-08T01:44:06+08:00 ] 127.0.0.1 /backbone/wxyoo1-todos/index.php?s=Index/save
INFO: [ route_check ] --START--
INFO: CheckRoute Behavior ::run [ RunTime:0.002373s ]
INFO: [ route_check ] --END-- [ RunTime:0.002524s ]
INFO: [ app_begin ] --START--
INFO: ReadHtmlCache Behavior ::run [ RunTime:0.000941s ]
INFO: [ app_begin ] --END-- [ RunTime:0.001031s ]
NOTIC: [2048] Declaration of IndexAction::fetch() should be compatible with that of Action::fetch() F:\WWW\backbone\wxyoo1-todos\Todo\Lib\Action\IndexAction.class.php 第 26 行.
SQL: SHOW COLUMNS FROM `todos` [ RunTime:0.003434s ]
SQL: INSERT INTO `todos` (`content`,`done`,`order`) VALUES ('AsDF',0,1111) [ RunTime:0.079251s ]

[ 2013-10-08T01:44:36+08:00 ] 127.0.0.1 /backbone/wxyoo1-todos/
INFO: [ app_begin ] --START--
INFO: ReadHtmlCache Behavior ::run [ RunTime:0.000940s ]
INFO: [ app_begin ] --END-- [ RunTime:0.001083s ]
NOTIC: [2048] Declaration of IndexAction::fetch() should be compatible with that of Action::fetch() F:\WWW\backbone\wxyoo1-todos\Todo\Lib\Action\IndexAction.class.php 第 26 行.
INFO: [ view_parse ] --START--
INFO: ParseTemplate Behavior ::run [ RunTime:0.014596s ]
INFO: [ view_parse ] --END-- [ RunTime:0.014752s ]
INFO: [ view_filter ] --START--
INFO: ContentReplace Behavior ::run [ RunTime:0.002316s ]
INFO: TokenBuild Behavior ::run [ RunTime:0.002268s ]
INFO: WriteHtmlCache Behavior ::run [ RunTime:0.002563s ]
INFO: ShowRuntime Behavior ::run [ RunTime:0.002039s ]
INFO: [ view_filter ] --END-- [ RunTime:0.009508s ]
INFO: [ view_end ] --START--
INFO: ShowPageTrace Behavior ::run [ RunTime:0.001208s ]
INFO: [ view_end ] --END-- [ RunTime:0.001266s ]

[ 2013-10-08T01:44:36+08:00 ] 127.0.0.1 /backbone/wxyoo1-todos/index.php?s=Index/fetch
INFO: [ route_check ] --START--
INFO: CheckRoute Behavior ::run [ RunTime:0.002409s ]
INFO: [ route_check ] --END-- [ RunTime:0.002563s ]
INFO: [ app_begin ] --START--
INFO: ReadHtmlCache Behavior ::run [ RunTime:0.001308s ]
INFO: [ app_begin ] --END-- [ RunTime:0.001391s ]
NOTIC: [2048] Declaration of IndexAction::fetch() should be compatible with that of Action::fetch() F:\WWW\backbone\wxyoo1-todos\Todo\Lib\Action\IndexAction.class.php 第 26 行.
SQL: SHOW COLUMNS FROM `todos` [ RunTime:0.004158s ]
SQL: SELECT * FROM `todos`  [ RunTime:0.001801s ]

[ 2013-10-08T01:44:39+08:00 ] 127.0.0.1 /backbone/wxyoo1-todos/index.php?s=Index/save
INFO: [ route_check ] --START--
INFO: CheckRoute Behavior ::run [ RunTime:0.000969s ]
INFO: [ route_check ] --END-- [ RunTime:0.001065s ]
INFO: [ app_begin ] --START--
INFO: ReadHtmlCache Behavior ::run [ RunTime:0.000637s ]
INFO: [ app_begin ] --END-- [ RunTime:0.000693s ]
NOTIC: [2048] Declaration of IndexAction::fetch() should be compatible with that of Action::fetch() F:\WWW\backbone\wxyoo1-todos\Todo\Lib\Action\IndexAction.class.php 第 26 行.
SQL: SHOW COLUMNS FROM `todos` [ RunTime:0.004010s ]
SQL: INSERT INTO `todos` (`content`,`done`,`order`) VALUES ('SDFASFSDFA',0,11111) [ RunTime:0.123704s ]

[ 2013-10-08T01:54:21+08:00 ] 127.0.0.1 /backbone/wxyoo1-todos/
INFO: [ app_begin ] --START--
INFO: ReadHtmlCache Behavior ::run [ RunTime:0.080706s ]
INFO: [ app_begin ] --END-- [ RunTime:0.080894s ]
NOTIC: [2048] Declaration of IndexAction::fetch() should be compatible with that of Action::fetch() F:\WWW\backbone\wxyoo1-todos\Todo\Lib\Action\IndexAction.class.php 第 26 行.
INFO: [ view_parse ] --START--
INFO: ParseTemplate Behavior ::run [ RunTime:0.553297s ]
INFO: [ view_parse ] --END-- [ RunTime:0.553493s ]
INFO: [ view_filter ] --START--
INFO: ContentReplace Behavior ::run [ RunTime:0.026159s ]
INFO: TokenBuild Behavior ::run [ RunTime:0.048704s ]
INFO: WriteHtmlCache Behavior ::run [ RunTime:0.044640s ]
INFO: ShowRuntime Behavior ::run [ RunTime:0.043187s ]
INFO: [ view_filter ] --END-- [ RunTime:0.163121s ]
INFO: [ view_end ] --START--
INFO: ShowPageTrace Behavior ::run [ RunTime:0.043597s ]
INFO: [ view_end ] --END-- [ RunTime:0.043730s ]

[ 2013-10-08T01:54:23+08:00 ] 127.0.0.1 /backbone/wxyoo1-todos/index.php?s=Index/fetch
INFO: [ route_check ] --START--
INFO: CheckRoute Behavior ::run [ RunTime:0.147255s ]
INFO: [ route_check ] --END-- [ RunTime:0.147407s ]
INFO: [ app_begin ] --START--
INFO: ReadHtmlCache Behavior ::run [ RunTime:0.001382s ]
INFO: [ app_begin ] --END-- [ RunTime:0.001500s ]
NOTIC: [2048] Declaration of IndexAction::fetch() should be compatible with that of Action::fetch() F:\WWW\backbone\wxyoo1-todos\Todo\Lib\Action\IndexAction.class.php 第 26 行.
SQL: SHOW COLUMNS FROM `todos` [ RunTime:0.078633s ]
SQL: SELECT * FROM `todos`  [ RunTime:0.001141s ]

[ 2013-10-08T01:54:37+08:00 ] 127.0.0.1 /backbone/wxyoo1-todos/index.php?s=Index/save
INFO: [ route_check ] --START--
INFO: CheckRoute Behavior ::run [ RunTime:0.001480s ]
INFO: [ route_check ] --END-- [ RunTime:0.001577s ]
INFO: [ app_begin ] --START--
INFO: ReadHtmlCache Behavior ::run [ RunTime:0.001136s ]
INFO: [ app_begin ] --END-- [ RunTime:0.001198s ]
NOTIC: [2048] Declaration of IndexAction::fetch() should be compatible with that of Action::fetch() F:\WWW\backbone\wxyoo1-todos\Todo\Lib\Action\IndexAction.class.php 第 26 行.
SQL: SHOW COLUMNS FROM `todos` [ RunTime:0.002929s ]
SQL: INSERT INTO `todos` (`content`,`done`,`order`) VALUES ('2222222',1,11) [ RunTime:0.199702s ]

[ 2013-10-08T01:54:48+08:00 ] 127.0.0.1 /backbone/wxyoo1-todos/index.php?s=Index/save
INFO: [ route_check ] --START--
INFO: CheckRoute Behavior ::run [ RunTime:0.000968s ]
INFO: [ route_check ] --END-- [ RunTime:0.001054s ]
INFO: [ app_begin ] --START--
INFO: ReadHtmlCache Behavior ::run [ RunTime:0.000665s ]
INFO: [ app_begin ] --END-- [ RunTime:0.000716s ]
NOTIC: [2048] Declaration of IndexAction::fetch() should be compatible with that of Action::fetch() F:\WWW\backbone\wxyoo1-todos\Todo\Lib\Action\IndexAction.class.php 第 26 行.
SQL: SHOW COLUMNS FROM `todos` [ RunTime:0.002988s ]
SQL: INSERT INTO `todos` (`content`,`done`,`order`) VALUES ('123111',0,111111) [ RunTime:0.059449s ]

[ 2013-10-08T01:54:50+08:00 ] 127.0.0.1 /backbone/wxyoo1-todos/
INFO: [ app_begin ] --START--
INFO: ReadHtmlCache Behavior ::run [ RunTime:0.000622s ]
INFO: [ app_begin ] --END-- [ RunTime:0.000713s ]
NOTIC: [2048] Declaration of IndexAction::fetch() should be compatible with that of Action::fetch() F:\WWW\backbone\wxyoo1-todos\Todo\Lib\Action\IndexAction.class.php 第 26 行.
INFO: [ view_parse ] --START--
INFO: ParseTemplate Behavior ::run [ RunTime:0.019449s ]
INFO: [ view_parse ] --END-- [ RunTime:0.019554s ]
INFO: [ view_filter ] --START--
INFO: ContentReplace Behavior ::run [ RunTime:0.001514s ]
INFO: TokenBuild Behavior ::run [ RunTime:0.001490s ]
INFO: WriteHtmlCache Behavior ::run [ RunTime:0.001378s ]
INFO: ShowRuntime Behavior ::run [ RunTime:0.001569s ]
INFO: [ view_filter ] --END-- [ RunTime:0.006113s ]
INFO: [ view_end ] --START--
INFO: ShowPageTrace Behavior ::run [ RunTime:0.001760s ]
INFO: [ view_end ] --END-- [ RunTime:0.001818s ]

[ 2013-10-08T01:54:50+08:00 ] 127.0.0.1 /backbone/wxyoo1-todos/index.php?s=Index/fetch
INFO: [ route_check ] --START--
INFO: CheckRoute Behavior ::run [ RunTime:0.000948s ]
INFO: [ route_check ] --END-- [ RunTime:0.001046s ]
INFO: [ app_begin ] --START--
INFO: ReadHtmlCache Behavior ::run [ RunTime:0.000621s ]
INFO: [ app_begin ] --END-- [ RunTime:0.000675s ]
NOTIC: [2048] Declaration of IndexAction::fetch() should be compatible with that of Action::fetch() F:\WWW\backbone\wxyoo1-todos\Todo\Lib\Action\IndexAction.class.php 第 26 行.
SQL: SHOW COLUMNS FROM `todos` [ RunTime:0.002931s ]
SQL: SELECT * FROM `todos`  [ RunTime:0.001183s ]

[ 2013-10-08T01:59:21+08:00 ] 127.0.0.1 /backbone/wxyoo1-todos/
INFO: [ app_begin ] --START--
INFO: ReadHtmlCache Behavior ::run [ RunTime:0.001209s ]
INFO: [ app_begin ] --END-- [ RunTime:0.001304s ]
NOTIC: [2048] Declaration of IndexAction::fetch() should be compatible with that of Action::fetch() F:\WWW\backbone\wxyoo1-todos\Todo\Lib\Action\IndexAction.class.php 第 26 行.
INFO: [ view_parse ] --START--
INFO: ParseTemplate Behavior ::run [ RunTime:0.012296s ]
INFO: [ view_parse ] --END-- [ RunTime:0.012405s ]
INFO: [ view_filter ] --START--
INFO: ContentReplace Behavior ::run [ RunTime:0.001589s ]
INFO: TokenBuild Behavior ::run [ RunTime:0.001566s ]
INFO: WriteHtmlCache Behavior ::run [ RunTime:0.001662s ]
INFO: ShowRuntime Behavior ::run [ RunTime:0.001882s ]
INFO: [ view_filter ] --END-- [ RunTime:0.006967s ]
INFO: [ view_end ] --START--
INFO: ShowPageTrace Behavior ::run [ RunTime:0.001776s ]
INFO: [ view_end ] --END-- [ RunTime:0.001841s ]

[ 2013-10-08T01:59:21+08:00 ] 127.0.0.1 /backbone/wxyoo1-todos/index.php?s=Index/fetch
INFO: [ route_check ] --START--
INFO: CheckRoute Behavior ::run [ RunTime:0.001716s ]
INFO: [ route_check ] --END-- [ RunTime:0.001829s ]
INFO: [ app_begin ] --START--
INFO: ReadHtmlCache Behavior ::run [ RunTime:0.001948s ]
INFO: [ app_begin ] --END-- [ RunTime:0.002058s ]
NOTIC: [2048] Declaration of IndexAction::fetch() should be compatible with that of Action::fetch() F:\WWW\backbone\wxyoo1-todos\Todo\Lib\Action\IndexAction.class.php 第 26 行.
SQL: SHOW COLUMNS FROM `todos` [ RunTime:0.003469s ]
SQL: SELECT * FROM `todos`  [ RunTime:0.001409s ]

[ 2013-10-08T01:59:31+08:00 ] 127.0.0.1 /backbone/wxyoo1-todos/index.php?s=Index/save
INFO: [ route_check ] --START--
INFO: CheckRoute Behavior ::run [ RunTime:0.000902s ]
INFO: [ route_check ] --END-- [ RunTime:0.000990s ]
INFO: [ app_begin ] --START--
INFO: ReadHtmlCache Behavior ::run [ RunTime:0.000616s ]
INFO: [ app_begin ] --END-- [ RunTime:0.000669s ]
NOTIC: [2048] Declaration of IndexAction::fetch() should be compatible with that of Action::fetch() F:\WWW\backbone\wxyoo1-todos\Todo\Lib\Action\IndexAction.class.php 第 26 行.
SQL: SHOW COLUMNS FROM `todos` [ RunTime:0.003426s ]
SQL: INSERT INTO `todos` (`content`,`done`,`order`) VALUES ('aaaaaaaaaaaaaaa',0,1111111) [ RunTime:0.073146s ]

[ 2013-10-08T01:59:31+08:00 ] 127.0.0.1 /backbone/wxyoo1-todos/index.php?s=Index/fetch
INFO: [ route_check ] --START--
INFO: CheckRoute Behavior ::run [ RunTime:0.001464s ]
INFO: [ route_check ] --END-- [ RunTime:0.001575s ]
INFO: [ app_begin ] --START--
INFO: ReadHtmlCache Behavior ::run [ RunTime:0.001230s ]
INFO: [ app_begin ] --END-- [ RunTime:0.001296s ]
NOTIC: [2048] Declaration of IndexAction::fetch() should be compatible with that of Action::fetch() F:\WWW\backbone\wxyoo1-todos\Todo\Lib\Action\IndexAction.class.php 第 26 行.
SQL: SHOW COLUMNS FROM `todos` [ RunTime:0.003211s ]
SQL: SELECT * FROM `todos`  [ RunTime:0.001075s ]

[ 2013-10-08T01:59:57+08:00 ] 127.0.0.1 /backbone/wxyoo1-todos/
INFO: [ app_begin ] --START--
INFO: ReadHtmlCache Behavior ::run [ RunTime:0.000812s ]
INFO: [ app_begin ] --END-- [ RunTime:0.000920s ]
NOTIC: [2048] Declaration of IndexAction::fetch() should be compatible with that of Action::fetch() F:\WWW\backbone\wxyoo1-todos\Todo\Lib\Action\IndexAction.class.php 第 26 行.
INFO: [ view_parse ] --START--
INFO: ParseTemplate Behavior ::run [ RunTime:0.013723s ]
INFO: [ view_parse ] --END-- [ RunTime:0.013863s ]
INFO: [ view_filter ] --START--
INFO: ContentReplace Behavior ::run [ RunTime:0.001626s ]
INFO: TokenBuild Behavior ::run [ RunTime:0.001462s ]
INFO: WriteHtmlCache Behavior ::run [ RunTime:0.001276s ]
INFO: ShowRuntime Behavior ::run [ RunTime:0.001565s ]
INFO: [ view_filter ] --END-- [ RunTime:0.006222s ]
INFO: [ view_end ] --START--
INFO: ShowPageTrace Behavior ::run [ RunTime:0.002875s ]
INFO: [ view_end ] --END-- [ RunTime:0.003003s ]

[ 2013-10-08T01:59:57+08:00 ] 127.0.0.1 /backbone/wxyoo1-todos/index.php?s=Index/fetch
INFO: [ route_check ] --START--
INFO: CheckRoute Behavior ::run [ RunTime:0.001406s ]
INFO: [ route_check ] --END-- [ RunTime:0.001554s ]
INFO: [ app_begin ] --START--
INFO: ReadHtmlCache Behavior ::run [ RunTime:0.000905s ]
INFO: [ app_begin ] --END-- [ RunTime:0.000985s ]
NOTIC: [2048] Declaration of IndexAction::fetch() should be compatible with that of Action::fetch() F:\WWW\backbone\wxyoo1-todos\Todo\Lib\Action\IndexAction.class.php 第 26 行.
SQL: SHOW COLUMNS FROM `todos` [ RunTime:0.003649s ]
SQL: SELECT * FROM `todos`  [ RunTime:0.001665s ]
NOTIC: [2] Invalid argument supplied for foreach() F:\WWW\backbone\wxyoo1-todos\Todo\Lib\Action\IndexAction.class.php 第 18 行.

[ 2013-10-08T02:00:00+08:00 ] 127.0.0.1 /backbone/wxyoo1-todos/index.php?s=Index/save
INFO: [ route_check ] --START--
INFO: CheckRoute Behavior ::run [ RunTime:0.001508s ]
INFO: [ route_check ] --END-- [ RunTime:0.001617s ]
INFO: [ app_begin ] --START--
INFO: ReadHtmlCache Behavior ::run [ RunTime:0.000804s ]
INFO: [ app_begin ] --END-- [ RunTime:0.000874s ]
NOTIC: [2048] Declaration of IndexAction::fetch() should be compatible with that of Action::fetch() F:\WWW\backbone\wxyoo1-todos\Todo\Lib\Action\IndexAction.class.php 第 26 行.
SQL: SHOW COLUMNS FROM `todos` [ RunTime:0.003082s ]
SQL: INSERT INTO `todos` (`content`,`done`,`order`) VALUES ('aaaaaaa',0,1) [ RunTime:0.062586s ]

[ 2013-10-08T02:00:00+08:00 ] 127.0.0.1 /backbone/wxyoo1-todos/index.php?s=Index/fetch
INFO: [ route_check ] --START--
INFO: CheckRoute Behavior ::run [ RunTime:0.001917s ]
INFO: [ route_check ] --END-- [ RunTime:0.002013s ]
INFO: [ app_begin ] --START--
INFO: ReadHtmlCache Behavior ::run [ RunTime:0.000817s ]
INFO: [ app_begin ] --END-- [ RunTime:0.000889s ]
NOTIC: [2048] Declaration of IndexAction::fetch() should be compatible with that of Action::fetch() F:\WWW\backbone\wxyoo1-todos\Todo\Lib\Action\IndexAction.class.php 第 26 行.
SQL: SHOW COLUMNS FROM `todos` [ RunTime:0.006074s ]
SQL: SELECT * FROM `todos`  [ RunTime:0.002170s ]

[ 2013-10-08T02:00:03+08:00 ] 127.0.0.1 /backbone/wxyoo1-todos/index.php?s=Index/save
INFO: [ route_check ] --START--
INFO: CheckRoute Behavior ::run [ RunTime:0.001202s ]
INFO: [ route_check ] --END-- [ RunTime:0.001322s ]
INFO: [ app_begin ] --START--
INFO: ReadHtmlCache Behavior ::run [ RunTime:0.000701s ]
INFO: [ app_begin ] --END-- [ RunTime:0.000763s ]
NOTIC: [2048] Declaration of IndexAction::fetch() should be compatible with that of Action::fetch() F:\WWW\backbone\wxyoo1-todos\Todo\Lib\Action\IndexAction.class.php 第 26 行.
SQL: SHOW COLUMNS FROM `todos` [ RunTime:0.003216s ]
SQL: INSERT INTO `todos` (`content`,`done`,`order`) VALUES ('bbbbbbbbb',0,11) [ RunTime:0.064462s ]

[ 2013-10-08T02:00:03+08:00 ] 127.0.0.1 /backbone/wxyoo1-todos/index.php?s=Index/fetch
INFO: [ route_check ] --START--
INFO: CheckRoute Behavior ::run [ RunTime:0.001032s ]
INFO: [ route_check ] --END-- [ RunTime:0.001123s ]
INFO: [ app_begin ] --START--
INFO: ReadHtmlCache Behavior ::run [ RunTime:0.000691s ]
INFO: [ app_begin ] --END-- [ RunTime:0.000754s ]
NOTIC: [2048] Declaration of IndexAction::fetch() should be compatible with that of Action::fetch() F:\WWW\backbone\wxyoo1-todos\Todo\Lib\Action\IndexAction.class.php 第 26 行.
SQL: SHOW COLUMNS FROM `todos` [ RunTime:0.003764s ]
SQL: SELECT * FROM `todos`  [ RunTime:0.001319s ]

[ 2013-10-08T02:00:06+08:00 ] 127.0.0.1 /backbone/wxyoo1-todos/index.php?s=Index/save
INFO: [ route_check ] --START--
INFO: CheckRoute Behavior ::run [ RunTime:0.001849s ]
INFO: [ route_check ] --END-- [ RunTime:0.002003s ]
INFO: [ app_begin ] --START--
INFO: ReadHtmlCache Behavior ::run [ RunTime:0.001402s ]
INFO: [ app_begin ] --END-- [ RunTime:0.001510s ]
NOTIC: [2048] Declaration of IndexAction::fetch() should be compatible with that of Action::fetch() F:\WWW\backbone\wxyoo1-todos\Todo\Lib\Action\IndexAction.class.php 第 26 行.
SQL: SHOW COLUMNS FROM `todos` [ RunTime:0.003053s ]
SQL: INSERT INTO `todos` (`content`,`done`,`order`) VALUES ('cccc',0,111) [ RunTime:0.080219s ]

[ 2013-10-08T02:00:06+08:00 ] 127.0.0.1 /backbone/wxyoo1-todos/index.php?s=Index/fetch
INFO: [ route_check ] --START--
INFO: CheckRoute Behavior ::run [ RunTime:0.002260s ]
INFO: [ route_check ] --END-- [ RunTime:0.002409s ]
INFO: [ app_begin ] --START--
INFO: ReadHtmlCache Behavior ::run [ RunTime:0.001476s ]
INFO: [ app_begin ] --END-- [ RunTime:0.001575s ]
NOTIC: [2048] Declaration of IndexAction::fetch() should be compatible with that of Action::fetch() F:\WWW\backbone\wxyoo1-todos\Todo\Lib\Action\IndexAction.class.php 第 26 行.
SQL: SHOW COLUMNS FROM `todos` [ RunTime:0.006129s ]
SQL: SELECT * FROM `todos`  [ RunTime:0.001930s ]

[ 2013-10-08T02:00:19+08:00 ] 127.0.0.1 /backbone/wxyoo1-todos/
INFO: [ app_begin ] --START--
INFO: ReadHtmlCache Behavior ::run [ RunTime:0.000636s ]
INFO: [ app_begin ] --END-- [ RunTime:0.000726s ]
NOTIC: [2048] Declaration of IndexAction::fetch() should be compatible with that of Action::fetch() F:\WWW\backbone\wxyoo1-todos\Todo\Lib\Action\IndexAction.class.php 第 26 行.
INFO: [ view_parse ] --START--
INFO: ParseTemplate Behavior ::run [ RunTime:0.012550s ]
INFO: [ view_parse ] --END-- [ RunTime:0.012656s ]
INFO: [ view_filter ] --START--
INFO: ContentReplace Behavior ::run [ RunTime:0.001854s ]
INFO: TokenBuild Behavior ::run [ RunTime:0.002268s ]
INFO: WriteHtmlCache Behavior ::run [ RunTime:0.002158s ]
INFO: ShowRuntime Behavior ::run [ RunTime:0.002657s ]
INFO: [ view_filter ] --END-- [ RunTime:0.009278s ]
INFO: [ view_end ] --START--
INFO: ShowPageTrace Behavior ::run [ RunTime:0.002178s ]
INFO: [ view_end ] --END-- [ RunTime:0.002271s ]

[ 2013-10-08T02:00:19+08:00 ] 127.0.0.1 /backbone/wxyoo1-todos/index.php?s=Index/fetch
INFO: [ route_check ] --START--
INFO: CheckRoute Behavior ::run [ RunTime:0.001401s ]
INFO: [ route_check ] --END-- [ RunTime:0.001556s ]
INFO: [ app_begin ] --START--
INFO: ReadHtmlCache Behavior ::run [ RunTime:0.000763s ]
INFO: [ app_begin ] --END-- [ RunTime:0.000882s ]
NOTIC: [2048] Declaration of IndexAction::fetch() should be compatible with that of Action::fetch() F:\WWW\backbone\wxyoo1-todos\Todo\Lib\Action\IndexAction.class.php 第 26 行.
SQL: SHOW COLUMNS FROM `todos` [ RunTime:0.004806s ]
SQL: SELECT * FROM `todos`  [ RunTime:0.002096s ]

[ 2013-10-08T20:09:56+08:00 ] 127.0.0.1 /backbone/wxyoo1-todos/
INFO: [ app_begin ] --START--
INFO: ReadHtmlCache Behavior ::run [ RunTime:0.046720s ]
INFO: [ app_begin ] --END-- [ RunTime:0.046936s ]
NOTIC: [2048] Declaration of IndexAction::fetch() should be compatible with that of Action::fetch() F:\WWW\backbone\wxyoo1-todos\Todo\Lib\Action\IndexAction.class.php 第 26 行.
INFO: [ view_parse ] --START--
INFO: ParseTemplate Behavior ::run [ RunTime:0.325154s ]
INFO: [ view_parse ] --END-- [ RunTime:0.325462s ]
INFO: [ view_filter ] --START--
INFO: ContentReplace Behavior ::run [ RunTime:0.042486s ]
INFO: TokenBuild Behavior ::run [ RunTime:0.102169s ]
INFO: WriteHtmlCache Behavior ::run [ RunTime:0.044666s ]
INFO: ShowRuntime Behavior ::run [ RunTime:0.042974s ]
INFO: [ view_filter ] --END-- [ RunTime:0.232641s ]
INFO: [ view_end ] --START--
INFO: ShowPageTrace Behavior ::run [ RunTime:0.043715s ]
INFO: [ view_end ] --END-- [ RunTime:0.043809s ]

[ 2013-10-08T20:09:57+08:00 ] 127.0.0.1 /backbone/wxyoo1-todos/index.php?s=Index/fetch
INFO: [ route_check ] --START--
INFO: CheckRoute Behavior ::run [ RunTime:0.030189s ]
INFO: [ route_check ] --END-- [ RunTime:0.030318s ]
INFO: [ app_begin ] --START--
INFO: ReadHtmlCache Behavior ::run [ RunTime:0.001201s ]
INFO: [ app_begin ] --END-- [ RunTime:0.001258s ]
NOTIC: [2048] Declaration of IndexAction::fetch() should be compatible with that of Action::fetch() F:\WWW\backbone\wxyoo1-todos\Todo\Lib\Action\IndexAction.class.php 第 26 行.
SQL: SHOW COLUMNS FROM `todos` [ RunTime:0.171758s ]
SQL: SELECT * FROM `todos`  [ RunTime:0.033577s ]

